[2016.01.07-22.24.16:933][  0]Log file open, 01/07/16 14:24:16
[2016.01.07-22.24.16:933][  0]LogInit:Display: Running engine for game: SpawnAndSprite
[2016.01.07-22.24.16:933][  0]LogPlatformFile: Not using cached read wrapper
[2016.01.07-22.24.16:933][  0]LogInit:Display: RandInit(1970520570) SRandInit(1970520572).
[2016.01.07-22.24.16:933][  0]LogTaskGraph: Started task graph with 4 named threads and 6 total threads.
[2016.01.07-22.24.16:933][  0]LogStats: Stats thread started at 0.089842
[2016.01.07-22.24.16:933][  0]LogInit: Version: 4.10.0-2758231+++depot+UE4-Releases+4.10
[2016.01.07-22.24.16:933][  0]LogInit: API Version: 2758231
[2016.01.07-22.24.16:933][  0]LogInit: Compiled (64-bit): Nov  7 2015 05:13:45
[2016.01.07-22.24.16:933][  0]LogInit: Compiled with Visual C++: 19.00.23026.00
[2016.01.07-22.24.16:933][  0]LogInit: Build Configuration: Development
[2016.01.07-22.24.16:933][  0]LogInit: Branch Name: ++depot+UE4-Releases+4.10
[2016.01.07-22.24.16:933][  0]LogInit: Command line:  
[2016.01.07-22.24.16:933][  0]LogInit: Base directory: C:/Program Files (x86)/Epic Games/4.10/Engine/Binaries/Win64/
[2016.01.07-22.24.16:933][  0]LogInit: Rocket: 1
[2016.01.07-22.24.16:943][  0]LogInit: Using libcurl 7.41.0
[2016.01.07-22.24.16:944][  0]LogInit:  - built for x86_64-pc-win32
[2016.01.07-22.24.16:944][  0]LogInit:  - supports SSL with WinSSL
[2016.01.07-22.24.16:944][  0]LogInit:  - other features:
[2016.01.07-22.24.16:944][  0]LogInit:      CURL_VERSION_SSL
[2016.01.07-22.24.16:944][  0]LogInit:      CURL_VERSION_IPV6
[2016.01.07-22.24.16:944][  0]LogInit:      CURL_VERSION_ASYNCHDNS
[2016.01.07-22.24.16:944][  0]LogInit:      CURL_VERSION_LARGEFILE
[2016.01.07-22.24.16:944][  0]LogInit:      CURL_VERSION_IDN
[2016.01.07-22.24.16:944][  0]LogInit:  CurlRequestOptions (configurable via config and command line):
[2016.01.07-22.24.16:944][  0]LogInit:  - bVerifyPeer = true  - Libcurl will verify peer certificate
[2016.01.07-22.24.16:944][  0]LogInit:  - bUseHttpProxy = false  - Libcurl will NOT use HTTP proxy
[2016.01.07-22.24.16:944][  0]LogInit:  - bDontReuseConnections = false  - Libcurl will reuse connections
[2016.01.07-22.24.16:944][  0]LogInit:  - CertBundlePath = nullptr  - Libcurl will use whatever was configured at build time.
[2016.01.07-22.24.16:955][  0]LogInit: Presizing for 0 objects not considered by GC, pre-allocating 0 bytes.
[2016.01.07-22.24.16:964][  0]LogInit: Object subsystem initialized
[2016.01.07-22.24.16:977][  0]LogInit: Selected Device Profile: [Windows]
[2016.01.07-22.24.16:977][  0]LogInit: Applying CVar settings loaded from the selected device profile: [Windows]
[2016.01.07-22.24.16:998][  0]LogInit: Computer: DESKTOP-B87MP3I
[2016.01.07-22.24.16:998][  0]LogInit: User: 3DJoe
[2016.01.07-22.24.16:998][  0]LogInit: CPU Page size=4096, Cores=3
[2016.01.07-22.24.16:998][  0]LogInit: High frequency timer resolution =3.433153 MHz
[2016.01.07-22.24.16:999][  0]LogMemory: Memory total: Physical=8.0GB (8GB approx)
[2016.01.07-22.24.16:999][  0]LogMemory: Platform Memory Stats for Windows
[2016.01.07-22.24.16:999][  0]LogMemory: Process Physical Memory: 56.10 MB used, 56.10 MB peak
[2016.01.07-22.24.16:999][  0]LogMemory: Process Virtual Memory: 57.55 MB used, 57.55 MB peak
[2016.01.07-22.24.16:999][  0]LogMemory: Physical Memory: 4480.10 MB used, 8173.54 MB total
[2016.01.07-22.24.16:999][  0]LogMemory: Virtual Memory: 383.30 MB used, 134217728.00 MB total
[2016.01.07-22.24.17:073][  0]LogTextLocalizationManager: No specific translations for ('en-US') exist, so ('en') translations will be used.
[2016.01.07-22.24.17:950][  0]LogD3D11RHI: Found D3D11 adapter 0: NVIDIA GeForce GTX 960 (Feature Level 11_0)
[2016.01.07-22.24.17:950][  0]LogD3D11RHI: Adapter has 1969MB of dedicated video memory, 0MB of dedicated system memory, and 4086MB of shared system memory, 2 output[s]
[2016.01.07-22.24.17:952][  0]LogD3D11RHI: Found D3D11 adapter 1: Microsoft Basic Render Driver (Feature Level 11_0)
[2016.01.07-22.24.17:952][  0]LogD3D11RHI: Adapter has 0MB of dedicated video memory, 0MB of dedicated system memory, and 4086MB of shared system memory, 0 output[s]
[2016.01.07-22.24.17:952][  0]LogD3D11RHI: Chosen D3D11 Adapter Id = 0
[2016.01.07-22.24.17:959][  0]LogD3D11RHI: !Direct3DDevice
[2016.01.07-22.24.17:959][  0]LogRHI: Texture pool is 1361 MB (70% of 1945 MB)
[2016.01.07-22.24.17:982][  0]LogD3D11RHI: Async texture creation enabled
[2016.01.07-22.24.18:000][  0]LogShaderCompilers: Guid format shader working directory is -24 characters bigger than the processId version (../../../../../../Users/3DJoe/Documents/Unreal Projects/SpawnAndSprite/Intermediate/Shaders/WorkingDirectory/4200/).
[2016.01.07-22.24.18:001][  0]LogShaderCompilers: Cleaned the shader compiler working directory 'C:/Users/3DJoe/AppData/Local/Temp/UnrealShaderWorkingDir/2DF8780B4439814E8C0B56AB2E57904B/'.
[2016.01.07-22.24.18:001][  0]LogShaderCompilers:Display: Using Local Shader Compiler.
[2016.01.07-22.24.19:552][  0]LogTemp:Display: Loaded TP AllDesktopTargetPlatform
[2016.01.07-22.24.19:559][  0]LogTemp:Display: Loaded TP WindowsClientTargetPlatform
[2016.01.07-22.24.19:567][  0]LogTemp:Display: Loaded TP WindowsNoEditorTargetPlatform
[2016.01.07-22.24.19:574][  0]LogTemp:Display: Loaded TP WindowsServerTargetPlatform
[2016.01.07-22.24.19:581][  0]LogTemp:Display: Loaded TP WindowsTargetPlatform
[2016.01.07-22.24.19:588][  0]LogTemp:Display: Loaded TP AndroidTargetPlatform
[2016.01.07-22.24.19:592][  0]LogTemp:Display: Loaded TP Android_ASTCTargetPlatform
[2016.01.07-22.24.19:596][  0]LogTemp:Display: Loaded TP Android_ATCTargetPlatform
[2016.01.07-22.24.19:601][  0]LogTemp:Display: Loaded TP Android_DXTTargetPlatform
[2016.01.07-22.24.19:606][  0]LogTemp:Display: Loaded TP Android_ETC1TargetPlatform
[2016.01.07-22.24.19:611][  0]LogTemp:Display: Loaded TP Android_ETC2TargetPlatform
[2016.01.07-22.24.19:620][  0]LogTemp:Display: Loaded TP Android_MultiTargetPlatform
[2016.01.07-22.24.19:620][  0]LogTemp:Display: Loaded TP Android_PVRTCTargetPlatform
[2016.01.07-22.24.19:621][  0]LogTemp:Display: Loaded TP HTML5TargetPlatform
[2016.01.07-22.24.19:644][  0]LogTemp:Display: Loaded TP IOSTargetPlatform
[2016.01.07-22.24.19:648][  0]LogTemp:Display: Loaded TP LinuxNoEditorTargetPlatform
[2016.01.07-22.24.19:652][  0]LogTemp:Display: Loaded TP LinuxServerTargetPlatform
[2016.01.07-22.24.19:659][  0]LogTemp:Display: Loaded TP LinuxTargetPlatform
[2016.01.07-22.24.19:659][  0]LogTargetPlatformManager:Display: Building Assets For Windows
[2016.01.07-22.24.19:794][  0]LogDerivedDataCache:Display: Max Cache Size: 512 MB
[2016.01.07-22.24.20:078][  0]LogDerivedDataCache: Loaded boot cache 0.28s 41MB C:/Users/3DJoe/AppData/Local/UnrealEngine/4.10/DerivedDataCache/Boot.ddc.
[2016.01.07-22.24.20:078][  0]LogDerivedDataCache:Display: Loaded Boot cache: C:/Users/3DJoe/AppData/Local/UnrealEngine/4.10/DerivedDataCache/Boot.ddc
[2016.01.07-22.24.20:078][  0]LogDerivedDataCache: FDerivedDataBackendGraph:  Pak pak cache file ../../../../../../Users/3DJoe/Documents/Unreal Projects/SpawnAndSprite/DerivedDataCache/DDC.ddp not found, will not use a pak cache.
[2016.01.07-22.24.20:078][  0]LogDerivedDataCache: Unable to find inner node Pak for hierarchical cache Hierarchy.
[2016.01.07-22.24.20:078][  0]LogDerivedDataCache: FDerivedDataBackendGraph:  CompressedPak pak cache file ../../../../../../Users/3DJoe/Documents/Unreal Projects/SpawnAndSprite/DerivedDataCache/Compressed.ddp not found, will not use a pak cache.
[2016.01.07-22.24.20:078][  0]LogDerivedDataCache: Unable to find inner node CompressedPak for hierarchical cache Hierarchy.
[2016.01.07-22.24.20:158][  0]LogDerivedDataCache:Display: Pak cache opened for reading ../../../Engine/DerivedDataCache/Compressed.ddp.
[2016.01.07-22.24.20:171][  0]LogDerivedDataCache: Using Local data cache path C:/Users/3DJoe/AppData/Local/UnrealEngine/Common/DerivedDataCache: Writable
[2016.01.07-22.24.20:428][  0]LogInit: Selected Device Profile: [Windows]
[2016.01.07-22.24.20:431][  0]LogContentStreaming: Texture pool size is 0.000000MB
[2016.01.07-22.24.20:583][  0]LogMeshUtilities: No automatic mesh reduction module available
[2016.01.07-22.24.20:583][  0]LogMeshUtilities: No automatic mesh merging module available
[2016.01.07-22.24.20:945][  0]LogInit: WinSock: version 1.1 (2.2), MaxSocks=32767, MaxUdp=65467
[2016.01.07-22.24.28:245][  0]UdpMessaging: Initializing bridge on interface 0.0.0.0:0 to multicast group 230.0.0.1:6666.
[2016.01.07-22.24.28:416][  0]LogAssetRegistry: FAssetRegistry took 0.0109 seconds to start up
[2016.01.07-22.24.28:673][  0]SourceControl: Info Source control is disabled
[2016.01.07-22.24.28:674][  0]SourceControl: Info Source control is disabled
[2016.01.07-22.24.28:697][  0]SourceControl: Info Source control is disabled
[2016.01.07-22.24.28:720][  0]SourceControl: Info Source control is disabled
[2016.01.07-22.24.29:210][  0]LogObj: 28633 objects as part of root set at end of initial load.
[2016.01.07-22.24.29:210][  0]LogUObjectAllocator: 6099744 out of 0 bytes used by permanent object pool.
[2016.01.07-22.24.29:281][  0]LogEngine: Initializing Engine...
[2016.01.07-22.24.29:285][  0]LogHMD: Can't find Oculus library dev build: is proper Runtime installed? Version: 0.8.0.0
[2016.01.07-22.24.29:286][  0]LogHMD: SteamVR failed to initialize.  Err: 110
[2016.01.07-22.24.29:445][  0]LogAIModule: Creating AISystem for world NewWorld
[2016.01.07-22.24.29:457][  0]LogInit: XAudio2 using 'Speakers_Front (Realtek High Definition Audio)' : 2 channels at 48 kHz using 32 bits per sample (channel mask 0x3)
[2016.01.07-22.24.29:475][  0]LogInit: FAudioDevice initialized.
[2016.01.07-22.24.29:523][  0]LogDerivedDataCache: Saved boot cache 0.05s 41MB C:/Users/3DJoe/AppData/Local/UnrealEngine/4.10/DerivedDataCache/Boot.ddc.
[2016.01.07-22.24.29:540][  0]LogInit: Texture streaming: Enabled
[2016.01.07-22.24.29:549][  0]LogAnalytics: Creating configured Analytics provider AnalyticsET
[2016.01.07-22.24.29:549][  0]LogAnalytics: [UEEditor.Rocket.Release] APIServer = http://et2.epicgames.com/ET2/. AppVersion = 4.10.0-2758231+++depot+UE4-Releases+4.10
[2016.01.07-22.24.29:550][  0]LogAnalytics: [UEEditor.Rocket.Release] SetUserId 1a807d494f5b66ec1ec29184428bbc4c|db07f81b636248bea7701d154ca95474|e39d2392-a47f-464b-8725-f8b9ff408f2a
[2016.01.07-22.24.29:550][  0]LogAnalytics: [UEEditor.Rocket.Release] AnalyticsET::StartSession
[2016.01.07-22.24.29:595][  0]LogInit: Transaction tracking system initialized
[2016.01.07-22.24.29:647][  0]BlueprintLog: New page: Editor Load
[2016.01.07-22.24.30:009][  0]LocalizationService: Info Localization service is disabled
[2016.01.07-22.24.30:161][  0]LogConsoleResponse:Display: 
[2016.01.07-22.24.30:341][  0]LogCook:Display: Done creating registry. It took  0.00s.
[2016.01.07-22.24.30:556][  0]LogFileCache: Scanning file cache for directory 'C:/Users/3DJoe/Documents/Unreal Projects/SpawnAndSprite/Content/' took 0.02s
[2016.01.07-22.24.30:556][  0]SourceControl: Info Source control is disabled
[2016.01.07-22.24.30:556][  0]Cmd: MAP LOAD FILE="../../../../../../Users/3DJoe/Documents/Unreal Projects/SpawnAndSprite/Content/2DSideScrollerBP/Maps/2DSideScrollerExampleMap.umap" TEMPLATE=0 SHOWPROGRESS=1 FEATURELEVEL=3
[2016.01.07-22.24.30:556][  0]LightingResults: New page: Lighting Build
[2016.01.07-22.24.30:562][  0]MapCheck: New page: Map Check
[2016.01.07-22.24.30:562][  0]LightingResults: New page: Lighting Build
[2016.01.07-22.24.30:583][  0]LogParticles: Destroying 0 GPU particle simulations for FXSystem 0x000001D9B6692AC0
[2016.01.07-22.24.30:870][  0]LogAIModule: Creating AISystem for world 2DSideScrollerExampleMap
[2016.01.07-22.24.30:875][  0]LogEditorServer: Finished looking for orphan Actors (0.000 secs)
[2016.01.07-22.24.30:876][  0]Cmd: MAP CHECKDEP NOCLEARLOG
[2016.01.07-22.24.30:959][  0]MapCheck: Info Map check complete: 0 Error(s), 0 Warning(s), took 83.121ms to complete.
[2016.01.07-22.24.30:959][  0]LogFileHelpers: Loading map '2DSideScrollerExampleMap' took 0.404
[2016.01.07-22.24.31:144][  0]LogCollectionManager: Loaded 0 collections in 0.004552 seconds
[2016.01.07-22.24.31:191][  0]LogFileCache: Scanning file cache for directory 'C:/Users/3DJoe/Documents/Unreal Projects/SpawnAndSprite/Saved/Collections/' took 0.01s
[2016.01.07-22.24.31:191][  0]LogFileCache: Scanning file cache for directory 'C:/Users/3DJoe/Documents/Unreal Projects/SpawnAndSprite/Content/Developers/3DJoe/Collections/' took 0.01s
[2016.01.07-22.24.31:191][  0]LogFileCache: Scanning file cache for directory 'C:/Users/3DJoe/Documents/Unreal Projects/SpawnAndSprite/Content/Collections/' took 0.01s
[2016.01.07-22.24.31:191][  0]LogCollectionManager: Rebuilt the GUID cache for 0 collections in 0.000002 seconds
[2016.01.07-22.24.31:204][  0]LogContentBrowser: Native class hierarchy populated in 0.0123 seconds. Added 1893 classes and 338 folders.
[2016.01.07-22.24.31:225][  0]LogContentBrowser: Native class hierarchy updated for 'WidgetCarousel' in 0.0007 seconds. Added 0 classes and 0 folders.
[2016.01.07-22.24.31:661][  0]LogContentBrowser: Native class hierarchy updated for 'AddContentDialog' in 0.0004 seconds. Added 0 classes and 0 folders.
[2016.01.07-22.24.31:668][  0]LogContentBrowser: Native class hierarchy updated for 'SceneOutliner' in 0.0004 seconds. Added 1 classes and 2 folders.
[2016.01.07-22.24.31:741][  0]LogCrashTracker: Crashtracker disabled due to settings.
[2016.01.07-22.24.31:747][  0]LogUObjectGlobals:Warning: Failed to find object 'Class None.'
[2016.01.07-22.24.31:770][  0]LogLoad: Full Startup: 15.71 seconds (BP compile: 0.07 seconds)
[2016.01.07-22.24.32:114][  0]LogOcInput: Can't find Oculus library dev build: is proper Runtime installed? Version: 0.8.0.0
[2016.01.07-22.24.32:188][  0]LogContentStreaming: Texture pool size now 1000 MB
[2016.01.07-22.24.32:354][  0]LogRenderer: Reallocating scene render targets to support 1208x548 (Frame:2).
[2016.01.07-22.24.33:453][  4]LogAssetRegistry: Asset discovery search completed in 5.0481 seconds
[2016.01.07-22.24.33:453][  4]LogCollectionManager: Rebuilt the object cache for 0 collections in 0.000001 seconds (found 0 objects)
[2016.01.07-22.24.33:453][  4]LogCollectionManager: Fixed up redirectors for 0 collections in 0.000025 seconds (updated 0 objects)
[2016.01.07-22.28.20:153][908]LogLinker:Warning: Asset '../../../Engine/Content/ArtTools/RenderToTexture/Macros/RenderToTextureMacros.uasset' has been saved with empty engine version. The asset will be loaded but may be incompatible.
[2016.01.07-22.28.21:381][908]LogContentBrowser: Native class hierarchy updated for 'BlueprintGraph' in 0.0148 seconds. Added 107 classes and 0 folders.
[2016.01.07-22.28.40:945][400]LogRenderer: Reallocating scene render targets to support 1208x568 (Frame:18063).
[2016.01.07-22.28.47:407][845]BlueprintLog: New page: Compile 2DSideScrollerCharacter
[2016.01.07-22.28.47:788][845]BlueprintEditorCompileResults: Info [0271.72] Compile of 2DSideScrollerCharacter successful! [in 380 ms]
[2016.01.07-22.31.01:319][911]BlueprintLog: New page: Compile 2DSideScrollerCharacter
[2016.01.07-22.31.01:443][911]BlueprintEditorCompileResults: Info [0405.38] Compile of 2DSideScrollerCharacter successful! [in 124 ms]
[2016.01.07-22.31.02:006][940]LogSavePackage: Save=106.701622ms
[2016.01.07-22.31.02:006][940]LogSavePackage: Moving '../../../../../../Users/3DJoe/Documents/Unreal Projects/SpawnAndSprite/Saved/2DSideScrollerCharacter1B3CE84C49C58A77B177459EB9D19D54.tmp' to '../../../../../../Users/3DJoe/Documents/Unreal Projects/SpawnAndSprite/Content/2DSideScrollerBP/Blueprints/2DSideScrollerCharacter.uasset'
[2016.01.07-22.31.02:011][940]LogSavePackage: Total save time: 124.620721ms
[2016.01.07-22.31.02:011][940]LogSavePackage:Display: Finished SavePackage ../../../../../../Users/3DJoe/Documents/Unreal Projects/SpawnAndSprite/Content/2DSideScrollerBP/Blueprints/2DSideScrollerCharacter.uasset
[2016.01.07-22.31.03:666][ 59]LogBlueprintUserMessages: Early PlayInEditor Detection: Level '/Game/2DSideScrollerBP/Maps/2DSideScrollerExampleMap.2DSideScrollerExampleMap:PersistentLevel' has LevelScriptBlueprint '/Game/2DSideScrollerBP/Maps/2DSideScrollerExampleMap.2DSideScrollerExampleMap:PersistentLevel.2DSideScrollerExampleMap' with GeneratedClass '/Game/2DSideScrollerBP/Maps/2DSideScrollerExampleMap.2DSideScrollerExampleMap_C' with ClassGeneratedBy '/Game/2DSideScrollerBP/Maps/2DSideScrollerExampleMap.2DSideScrollerExampleMap:PersistentLevel.2DSideScrollerExampleMap'
[2016.01.07-22.31.03:666][ 59]LogPlayLevel: PlayLevel: No blueprints needed recompiling
[2016.01.07-22.31.03:691][ 59]PIE: New page: PIE session: 2DSideScrollerExampleMap (Jan 7, 2016, 6:31:03 AM)
[2016.01.07-22.31.03:691][ 59]LogPlayLevel: Creating play world package: /Game/2DSideScrollerBP/Maps/UEDPIE_0_2DSideScrollerExampleMap
[2016.01.07-22.31.03:740][ 59]LogPlayLevel: PIE: StaticDuplicateObject took: (0.048593s)
[2016.01.07-22.31.03:741][ 59]LogAIModule: Creating AISystem for world 2DSideScrollerExampleMap
[2016.01.07-22.31.03:741][ 59]LogPlayLevel: PIE: World Init took: (0.001200s)
[2016.01.07-22.31.03:742][ 59]LogPlayLevel: PIE: Created PIE world by copying editor world from /Game/2DSideScrollerBP/Maps/2DSideScrollerExampleMap.2DSideScrollerExampleMap to /Game/2DSideScrollerBP/Maps/UEDPIE_0_2DSideScrollerExampleMap.2DSideScrollerExampleMap (0.050311s)
[2016.01.07-22.31.03:804][ 59]LogInit: XAudio2 using 'Speakers_Front (Realtek High Definition Audio)' : 2 channels at 48 kHz using 32 bits per sample (channel mask 0x3)
[2016.01.07-22.31.03:817][ 59]LogInit: FAudioDevice initialized.
[2016.01.07-22.31.03:986][ 59]LogWorld: Game class is '2DSideScrollerGameMode_C'
[2016.01.07-22.31.04:067][ 59]LogWorld: Bringing World /Game/2DSideScrollerBP/Maps/UEDPIE_0_2DSideScrollerExampleMap.2DSideScrollerExampleMap up for play (max tick rate 0) at 2016.01.07-14.31.04
[2016.01.07-22.31.04:067][ 59]LogActor:Warning: GameSession /Game/2DSideScrollerBP/Maps/UEDPIE_0_2DSideScrollerExampleMap.2DSideScrollerExampleMap:PersistentLevel.GameSession_0 has natively added scene component(s), but none of them were set as the actor's RootComponent - picking one arbitrarily
[2016.01.07-22.31.04:068][ 59]LogActor:Warning: GameNetworkManager /Game/2DSideScrollerBP/Maps/UEDPIE_0_2DSideScrollerExampleMap.2DSideScrollerExampleMap:PersistentLevel.GameNetworkManager_0 has natively added scene component(s), but none of them were set as the actor's RootComponent - picking one arbitrarily
[2016.01.07-22.31.04:104][ 59]LogWorld: Bringing up level for play took: 0.040509
[2016.01.07-22.31.04:193][ 59]PIE: Info Play in editor start time for /Game/2DSideScrollerBP/Maps/UEDPIE_0_2DSideScrollerExampleMap 1.072
[2016.01.07-22.31.04:194][ 59]LogBlueprintUserMessages: Late PlayInEditor Detection: Level '/Game/2DSideScrollerBP/Maps/2DSideScrollerExampleMap.2DSideScrollerExampleMap:PersistentLevel' has LevelScriptBlueprint '/Game/2DSideScrollerBP/Maps/2DSideScrollerExampleMap.2DSideScrollerExampleMap:PersistentLevel.2DSideScrollerExampleMap' with GeneratedClass '/Game/2DSideScrollerBP/Maps/2DSideScrollerExampleMap.2DSideScrollerExampleMap_C' with ClassGeneratedBy '/Game/2DSideScrollerBP/Maps/2DSideScrollerExampleMap.2DSideScrollerExampleMap:PersistentLevel.2DSideScrollerExampleMap'
[2016.01.07-22.31.06:088][180]LogBlueprintUserMessages: [2DSideScrollerCharacter_254] Clicked
[2016.01.07-22.31.06:287][195]LogBlueprintUserMessages: [2DSideScrollerCharacter_254] released
[2016.01.07-22.31.06:615][219]LogBlueprintUserMessages: [2DSideScrollerCharacter_254] Clicked
[2016.01.07-22.31.06:813][234]LogBlueprintUserMessages: [2DSideScrollerCharacter_254] released
[2016.01.07-22.31.07:024][250]LogBlueprintUserMessages: [2DSideScrollerCharacter_254] Clicked
[2016.01.07-22.31.07:076][254]LogBlueprintUserMessages: [2DSideScrollerCharacter_254] released
[2016.01.07-22.31.07:460][283]LogBlueprintUserMessages: [2DSideScrollerCharacter_254] Clicked
[2016.01.07-22.31.08:067][329]LogBlueprintUserMessages: [2DSideScrollerCharacter_254] released
[2016.01.07-22.31.08:442][357]LogBlueprintUserMessages: [2DSideScrollerCharacter_254] Clicked
[2016.01.07-22.31.09:264][419]LogBlueprintUserMessages: [2DSideScrollerCharacter_254] released
[2016.01.07-22.31.09:645][448]LogBlueprintUserMessages: [2DSideScrollerCharacter_254] Clicked
[2016.01.07-22.31.09:712][453]LogBlueprintUserMessages: [2DSideScrollerCharacter_254] released
[2016.01.07-22.31.09:867][465]LogBlueprintUserMessages: [2DSideScrollerCharacter_254] Clicked
[2016.01.07-22.31.09:921][469]LogBlueprintUserMessages: [2DSideScrollerCharacter_254] released
[2016.01.07-22.31.10:053][479]LogBlueprintUserMessages: [2DSideScrollerCharacter_254] Clicked
[2016.01.07-22.31.10:132][485]LogBlueprintUserMessages: [2DSideScrollerCharacter_254] released
[2016.01.07-22.31.10:224][492]LogBlueprintUserMessages: [2DSideScrollerCharacter_254] Clicked
[2016.01.07-22.31.10:287][497]LogBlueprintUserMessages: [2DSideScrollerCharacter_254] released
[2016.01.07-22.31.10:405][506]LogBlueprintUserMessages: [2DSideScrollerCharacter_254] Clicked
[2016.01.07-22.31.10:461][510]LogBlueprintUserMessages: [2DSideScrollerCharacter_254] released
[2016.01.07-22.31.10:606][521]LogBlueprintUserMessages: [2DSideScrollerCharacter_254] Clicked
[2016.01.07-22.31.10:662][525]LogBlueprintUserMessages: [2DSideScrollerCharacter_254] released
[2016.01.07-22.31.12:271][642]LogBlueprintUserMessages: Early EndPlayMap Detection: Level '/Game/2DSideScrollerBP/Maps/2DSideScrollerExampleMap.2DSideScrollerExampleMap:PersistentLevel' has LevelScriptBlueprint '/Game/2DSideScrollerBP/Maps/2DSideScrollerExampleMap.2DSideScrollerExampleMap:PersistentLevel.2DSideScrollerExampleMap' with GeneratedClass '/Game/2DSideScrollerBP/Maps/2DSideScrollerExampleMap.2DSideScrollerExampleMap_C' with ClassGeneratedBy '/Game/2DSideScrollerBP/Maps/2DSideScrollerExampleMap.2DSideScrollerExampleMap:PersistentLevel.2DSideScrollerExampleMap'
[2016.01.07-22.31.12:392][642]LogBlueprintUserMessages: Late EndPlayMap Detection: Level '/Game/2DSideScrollerBP/Maps/2DSideScrollerExampleMap.2DSideScrollerExampleMap:PersistentLevel' has LevelScriptBlueprint '/Game/2DSideScrollerBP/Maps/2DSideScrollerExampleMap.2DSideScrollerExampleMap:PersistentLevel.2DSideScrollerExampleMap' with GeneratedClass '/Game/2DSideScrollerBP/Maps/2DSideScrollerExampleMap.2DSideScrollerExampleMap_C' with ClassGeneratedBy '/Game/2DSideScrollerBP/Maps/2DSideScrollerExampleMap.2DSideScrollerExampleMap:PersistentLevel.2DSideScrollerExampleMap'
[2016.01.07-22.31.12:504][643]LogParticles: Destroying 0 GPU particle simulations for FXSystem 0x000001D9AA4127A0
[2016.01.07-22.31.13:978][735]LogSavePackage: Save=137.119431ms
[2016.01.07-22.31.13:979][735]LogSavePackage: Moving '../../../../../../Users/3DJoe/Documents/Unreal Projects/SpawnAndSprite/Saved/2DSideScrollerExampleMapABF425DF4A76DA33C5324F8E23AF13C5.tmp' to '../../../../../../Users/3DJoe/Documents/Unreal Projects/SpawnAndSprite/Content/2DSideScrollerBP/Maps/2DSideScrollerExampleMap.umap'
[2016.01.07-22.31.13:985][735]LogSavePackage: Total save time: 150.462564ms
[2016.01.07-22.31.13:985][735]LogSavePackage:Display: Finished SavePackage ../../../../../../Users/3DJoe/Documents/Unreal Projects/SpawnAndSprite/Content/2DSideScrollerBP/Maps/2DSideScrollerExampleMap.umap
[2016.01.07-22.34.01:654][522]LogSavePackage: Save=96.854408ms
[2016.01.07-22.34.01:654][522]LogSavePackage: Moving '../../../../../../Users/3DJoe/Documents/Unreal Projects/SpawnAndSprite/Saved/2DSideScrollerExampleMap8A60E3614154097E8832679CFC951F32.tmp' to '../../../../../../Users/3DJoe/Documents/Unreal Projects/SpawnAndSprite/Content/2DSideScrollerBP/Maps/2DSideScrollerExampleMap.umap'
[2016.01.07-22.34.01:657][522]LogSavePackage: Total save time: 101.192404ms
[2016.01.07-22.34.01:657][522]LogSavePackage:Display: Finished SavePackage ../../../../../../Users/3DJoe/Documents/Unreal Projects/SpawnAndSprite/Content/2DSideScrollerBP/Maps/2DSideScrollerExampleMap.umap
[2016.01.07-22.36.39:005][938]BlueprintLog: New page: Compile 2DSideScrollerCharacter
[2016.01.07-22.36.39:124][938]BlueprintEditorCompileResults: Info [0743.06] Compile of 2DSideScrollerCharacter successful! [in 118 ms]
[2016.01.07-22.36.39:638][964]LogSavePackage: Save=95.521812ms
[2016.01.07-22.36.39:638][964]LogSavePackage: Moving '../../../../../../Users/3DJoe/Documents/Unreal Projects/SpawnAndSprite/Saved/2DSideScrollerCharacter59F8338943D735807A7FD6BC0C1193A8.tmp' to '../../../../../../Users/3DJoe/Documents/Unreal Projects/SpawnAndSprite/Content/2DSideScrollerBP/Blueprints/2DSideScrollerCharacter.uasset'
[2016.01.07-22.36.39:641][964]LogSavePackage: Total save time: 104.531609ms
[2016.01.07-22.36.39:641][964]LogSavePackage:Display: Finished SavePackage ../../../../../../Users/3DJoe/Documents/Unreal Projects/SpawnAndSprite/Content/2DSideScrollerBP/Blueprints/2DSideScrollerCharacter.uasset
[2016.01.07-22.43.43:043][604]LogFactory: FactoryCreateBinary: Texture with ReimportTextureFactory (0 0 ../../../../../../Users/3DJoe/Downloads/GoldCoins/gold_coin_round_star_1.png)
[2016.01.07-22.43.43:108][604]LogTexture:Display: Building textures: gold_coin_round_star_1 (BGRA8)
[2016.01.07-22.43.43:170][604]LogFactory: FactoryCreateBinary: Texture with ReimportTextureFactory (0 0 ../../../../../../Users/3DJoe/Downloads/GoldCoins/gold_coin_round_star_2.png)
[2016.01.07-22.43.43:172][604]LogTexture:Display: Building textures: gold_coin_round_star_2 (BGRA8)
[2016.01.07-22.43.43:181][604]LogFactory: FactoryCreateBinary: Texture with ReimportTextureFactory (0 0 ../../../../../../Users/3DJoe/Downloads/GoldCoins/gold_coin_round_star_3.png)
[2016.01.07-22.43.43:183][604]LogTexture:Display: Building textures: gold_coin_round_star_3 (BGRA8)
[2016.01.07-22.43.43:189][604]LogFactory: FactoryCreateBinary: Texture with ReimportTextureFactory (0 0 ../../../../../../Users/3DJoe/Downloads/GoldCoins/gold_coin_round_star_4.png)
[2016.01.07-22.43.43:192][604]LogTexture:Display: Building textures: gold_coin_round_star_4 (BGRA8)
[2016.01.07-22.43.43:198][604]LogFactory: FactoryCreateBinary: Texture with ReimportTextureFactory (0 0 ../../../../../../Users/3DJoe/Downloads/GoldCoins/gold_coin_round_star_5.png)
[2016.01.07-22.43.43:200][604]LogTexture:Display: Building textures: gold_coin_round_star_5 (BGRA8)
[2016.01.07-22.43.43:206][604]LogFactory: FactoryCreateBinary: Texture with ReimportTextureFactory (0 0 ../../../../../../Users/3DJoe/Downloads/GoldCoins/gold_coin_round_star_6.png)
[2016.01.07-22.43.43:208][604]LogTexture:Display: Building textures: gold_coin_round_star_6 (BGRA8)
[2016.01.07-22.44.47:770][420]LogRenderer: Reallocating scene render targets to support 1208x608 (Frame:69887).
[2016.01.07-22.45.02:688][500]LogSavePackage: Save=9.507296ms
[2016.01.07-22.45.02:688][500]LogSavePackage: Moving '../../../../../../Users/3DJoe/Documents/Unreal Projects/SpawnAndSprite/Saved/gold_coin_round_starC531FFD74AF520C9A3DD7692C4B3ADBD.tmp' to '../../../../../../Users/3DJoe/Documents/Unreal Projects/SpawnAndSprite/Content/2DSideScroller/Sprites/Coins/gold_coin_round_star.uasset'
[2016.01.07-22.45.02:690][500]LogSavePackage: Total save time: 12.258120ms
[2016.01.07-22.45.02:690][500]LogSavePackage:Display: Finished SavePackage ../../../../../../Users/3DJoe/Documents/Unreal Projects/SpawnAndSprite/Content/2DSideScroller/Sprites/Coins/gold_coin_round_star.uasset
[2016.01.07-22.46.23:037][ 48]BlueprintLog: New page: Compile gold_coin_round_star
[2016.01.07-22.46.23:146][ 48]LogParticles: Destroying 0 GPU particle simulations for FXSystem 0x000001D9F7C751C0
[2016.01.07-22.46.23:153][ 48]BlueprintEditorCompileResults: Info [1327.09] Compile of gold_coin_round_star successful! [in 115 ms]
[2016.01.07-22.46.58:683][346]LogMetaData: Removing '/Game/Blueprints/CoinBP.CoinBP:UserConstructionScript.K2Node_FunctionEntry_77' ref from Metadata '/Game/Blueprints/gold_coin_round_star.PackageMetaData'
[2016.01.07-22.46.58:683][346]LogMetaData: Removing '/Game/Blueprints/CoinBP.SKEL_CoinBP_C' ref from Metadata '/Game/Blueprints/gold_coin_round_star.PackageMetaData'
[2016.01.07-22.46.58:683][346]LogMetaData: Removing '/Game/Blueprints/CoinBP.CoinBP_C' ref from Metadata '/Game/Blueprints/gold_coin_round_star.PackageMetaData'
[2016.01.07-22.46.58:683][346]LogMetaData: Removing '/Game/Blueprints/CoinBP.CoinBP:EventGraph.K2Node_Event_151' ref from Metadata '/Game/Blueprints/gold_coin_round_star.PackageMetaData'
[2016.01.07-22.46.58:683][346]LogMetaData: Removing '/Game/Blueprints/CoinBP.CoinBP:EventGraph.K2Node_Event_152' ref from Metadata '/Game/Blueprints/gold_coin_round_star.PackageMetaData'
[2016.01.07-22.46.58:683][346]LogMetaData: Removing '/Game/Blueprints/CoinBP.CoinBP:EventGraph.K2Node_Event_153' ref from Metadata '/Game/Blueprints/gold_coin_round_star.PackageMetaData'
[2016.01.07-22.46.58:744][346]Cmd: OBJ SAVEPACKAGE PACKAGE="/Game/Blueprints/CoinBP" FILE="../../../../../../Users/3DJoe/Documents/Unreal Projects/SpawnAndSprite/Content/Blueprints/CoinBP.uasset" SILENT=true
[2016.01.07-22.46.58:766][346]LogSavePackage: Save=19.829002ms
[2016.01.07-22.46.58:766][346]LogSavePackage: Moving '../../../../../../Users/3DJoe/Documents/Unreal Projects/SpawnAndSprite/Saved/CoinBP5AFA8BA845E5404D9CE39FA40A856863.tmp' to '../../../../../../Users/3DJoe/Documents/Unreal Projects/SpawnAndSprite/Content/Blueprints/CoinBP.uasset'
[2016.01.07-22.46.58:769][346]LogSavePackage: Total save time: 22.592351ms
[2016.01.07-22.46.58:769][346]LogSavePackage:Display: Finished SavePackage ../../../../../../Users/3DJoe/Documents/Unreal Projects/SpawnAndSprite/Content/Blueprints/CoinBP.uasset
[2016.01.07-22.49.01:818][719]LogSavePackage: Save=97.704063ms
[2016.01.07-22.49.01:818][719]LogSavePackage: Moving '../../../../../../Users/3DJoe/Documents/Unreal Projects/SpawnAndSprite/Saved/2DSideScrollerExampleMap_Auto1D25B896C4ABBDA949333129CF1BA0BE3.tmp' to '../../../../../../Users/3DJoe/Documents/Unreal Projects/SpawnAndSprite/Saved/Autosaves/Game/2DSideScrollerBP/Maps/2DSideScrollerExampleMap_Auto1.umap'
[2016.01.07-22.49.01:819][719]LogSavePackage: Total save time: 103.707872ms
[2016.01.07-22.49.01:819][719]LogSavePackage:Display: Finished SavePackage ../../../../../../Users/3DJoe/Documents/Unreal Projects/SpawnAndSprite/Saved/Autosaves/Game/2DSideScrollerBP/Maps/2DSideScrollerExampleMap_Auto1.umap
[2016.01.07-22.49.01:821][719]LogFileHelpers: Editor autosave (incl. sublevels) for '/Game/2DSideScrollerBP/Maps/2DSideScrollerExampleMap' took 0.149
[2016.01.07-22.49.01:821][719]LogFileHelpers: Editor autosave (incl. sublevels) for all levels took 0.149
[2016.01.07-22.49.01:837][719]OBJ SavePackage: Generating thumbnails for [1] asset(s) in package [/Game/2DSideScroller/Sprites/Coins/gold_coin_round_star_1] ([1] browsable assets)...
[2016.01.07-22.49.01:839][719]OBJ SavePackage:     Rendered thumbnail for [Texture2D /Game/2DSideScroller/Sprites/Coins/gold_coin_round_star_1.gold_coin_round_star_1]
[2016.01.07-22.49.01:839][719]OBJ SavePackage: Finished generating thumbnails for package [/Game/2DSideScroller/Sprites/Coins/gold_coin_round_star_1]
[2016.01.07-22.49.01:846][719]LogSavePackage: Save=5.011720ms
[2016.01.07-22.49.01:846][719]LogSavePackage: Moving '../../../../../../Users/3DJoe/Documents/Unreal Projects/SpawnAndSprite/Saved/gold_coin_round_star_1_Auto1BBBF476241036A8618398AB0BE7C1EE0.tmp' to '../../../../../../Users/3DJoe/Documents/Unreal Projects/SpawnAndSprite/Saved/Autosaves/Game/2DSideScroller/Sprites/Coins/gold_coin_round_star_1_Auto1.uasset'
[2016.01.07-22.49.01:847][719]LogSavePackage: Total save time: 6.263047ms
[2016.01.07-22.49.01:847][719]LogSavePackage:Display: Finished SavePackage ../../../../../../Users/3DJoe/Documents/Unreal Projects/SpawnAndSprite/Saved/Autosaves/Game/2DSideScroller/Sprites/Coins/gold_coin_round_star_1_Auto1.uasset
[2016.01.07-22.49.01:851][719]OBJ SavePackage: Generating thumbnails for [1] asset(s) in package [/Game/2DSideScroller/Sprites/Coins/gold_coin_round_star_2] ([1] browsable assets)...
[2016.01.07-22.49.01:852][719]OBJ SavePackage:     Rendered thumbnail for [Texture2D /Game/2DSideScroller/Sprites/Coins/gold_coin_round_star_2.gold_coin_round_star_2]
[2016.01.07-22.49.01:852][719]OBJ SavePackage: Finished generating thumbnails for package [/Game/2DSideScroller/Sprites/Coins/gold_coin_round_star_2]
[2016.01.07-22.49.01:859][719]LogSavePackage: Save=5.380477ms
[2016.01.07-22.49.01:859][719]LogSavePackage: Moving '../../../../../../Users/3DJoe/Documents/Unreal Projects/SpawnAndSprite/Saved/gold_coin_round_star_2_Auto1C1AA50004E8959C4D1B4A7B49625F0B5.tmp' to '../../../../../../Users/3DJoe/Documents/Unreal Projects/SpawnAndSprite/Saved/Autosaves/Game/2DSideScroller/Sprites/Coins/gold_coin_round_star_2_Auto1.uasset'
[2016.01.07-22.49.01:860][719]LogSavePackage: Total save time: 6.690059ms
[2016.01.07-22.49.01:860][719]LogSavePackage:Display: Finished SavePackage ../../../../../../Users/3DJoe/Documents/Unreal Projects/SpawnAndSprite/Saved/Autosaves/Game/2DSideScroller/Sprites/Coins/gold_coin_round_star_2_Auto1.uasset
[2016.01.07-22.49.01:864][719]OBJ SavePackage: Generating thumbnails for [1] asset(s) in package [/Game/2DSideScroller/Sprites/Coins/gold_coin_round_star_3] ([1] browsable assets)...
[2016.01.07-22.49.01:865][719]OBJ SavePackage:     Rendered thumbnail for [Texture2D /Game/2DSideScroller/Sprites/Coins/gold_coin_round_star_3.gold_coin_round_star_3]
[2016.01.07-22.49.01:865][719]OBJ SavePackage: Finished generating thumbnails for package [/Game/2DSideScroller/Sprites/Coins/gold_coin_round_star_3]
[2016.01.07-22.49.01:872][719]LogSavePackage: Save=5.353679ms
[2016.01.07-22.49.01:872][719]LogSavePackage: Moving '../../../../../../Users/3DJoe/Documents/Unreal Projects/SpawnAndSprite/Saved/gold_coin_round_star_3_Auto18E7345914D5285D90BBEC7A98092CDE2.tmp' to '../../../../../../Users/3DJoe/Documents/Unreal Projects/SpawnAndSprite/Saved/Autosaves/Game/2DSideScroller/Sprites/Coins/gold_coin_round_star_3_Auto1.uasset'
[2016.01.07-22.49.01:874][719]LogSavePackage: Total save time: 6.951630ms
[2016.01.07-22.49.01:874][719]LogSavePackage:Display: Finished SavePackage ../../../../../../Users/3DJoe/Documents/Unreal Projects/SpawnAndSprite/Saved/Autosaves/Game/2DSideScroller/Sprites/Coins/gold_coin_round_star_3_Auto1.uasset
[2016.01.07-22.49.01:878][719]OBJ SavePackage: Generating thumbnails for [1] asset(s) in package [/Game/2DSideScroller/Sprites/Coins/gold_coin_round_star_4] ([1] browsable assets)...
[2016.01.07-22.49.01:879][719]OBJ SavePackage:     Rendered thumbnail for [Texture2D /Game/2DSideScroller/Sprites/Coins/gold_coin_round_star_4.gold_coin_round_star_4]
[2016.01.07-22.49.01:879][719]OBJ SavePackage: Finished generating thumbnails for package [/Game/2DSideScroller/Sprites/Coins/gold_coin_round_star_4]
[2016.01.07-22.49.01:886][719]LogSavePackage: Save=4.889383ms
[2016.01.07-22.49.01:886][719]LogSavePackage: Moving '../../../../../../Users/3DJoe/Documents/Unreal Projects/SpawnAndSprite/Saved/gold_coin_round_star_4_Auto107D52A6349FC3871366127BC98E1A190.tmp' to '../../../../../../Users/3DJoe/Documents/Unreal Projects/SpawnAndSprite/Saved/Autosaves/Game/2DSideScroller/Sprites/Coins/gold_coin_round_star_4_Auto1.uasset'
[2016.01.07-22.49.01:887][719]LogSavePackage: Total save time: 6.187607ms
[2016.01.07-22.49.01:887][719]LogSavePackage:Display: Finished SavePackage ../../../../../../Users/3DJoe/Documents/Unreal Projects/SpawnAndSprite/Saved/Autosaves/Game/2DSideScroller/Sprites/Coins/gold_coin_round_star_4_Auto1.uasset
[2016.01.07-22.49.01:891][719]OBJ SavePackage: Generating thumbnails for [1] asset(s) in package [/Game/2DSideScroller/Sprites/Coins/gold_coin_round_star_5] ([1] browsable assets)...
[2016.01.07-22.49.01:892][719]OBJ SavePackage:     Rendered thumbnail for [Texture2D /Game/2DSideScroller/Sprites/Coins/gold_coin_round_star_5.gold_coin_round_star_5]
[2016.01.07-22.49.01:892][719]OBJ SavePackage: Finished generating thumbnails for package [/Game/2DSideScroller/Sprites/Coins/gold_coin_round_star_5]
[2016.01.07-22.49.01:898][719]LogSavePackage: Save=5.025118ms
[2016.01.07-22.49.01:898][719]LogSavePackage: Moving '../../../../../../Users/3DJoe/Documents/Unreal Projects/SpawnAndSprite/Saved/gold_coin_round_star_5_Auto1C649E03C485DAD13B76D60911D1EAE1C.tmp' to '../../../../../../Users/3DJoe/Documents/Unreal Projects/SpawnAndSprite/Saved/Autosaves/Game/2DSideScroller/Sprites/Coins/gold_coin_round_star_5_Auto1.uasset'
[2016.01.07-22.49.01:900][719]LogSavePackage: Total save time: 6.343730ms
[2016.01.07-22.49.01:900][719]LogSavePackage:Display: Finished SavePackage ../../../../../../Users/3DJoe/Documents/Unreal Projects/SpawnAndSprite/Saved/Autosaves/Game/2DSideScroller/Sprites/Coins/gold_coin_round_star_5_Auto1.uasset
[2016.01.07-22.49.01:904][719]OBJ SavePackage: Generating thumbnails for [1] asset(s) in package [/Game/2DSideScroller/Sprites/Coins/gold_coin_round_star_6] ([1] browsable assets)...
[2016.01.07-22.49.01:905][719]OBJ SavePackage:     Rendered thumbnail for [Texture2D /Game/2DSideScroller/Sprites/Coins/gold_coin_round_star_6.gold_coin_round_star_6]
[2016.01.07-22.49.01:905][719]OBJ SavePackage: Finished generating thumbnails for package [/Game/2DSideScroller/Sprites/Coins/gold_coin_round_star_6]
[2016.01.07-22.49.01:912][719]LogSavePackage: Save=5.038226ms
[2016.01.07-22.49.01:912][719]LogSavePackage: Moving '../../../../../../Users/3DJoe/Documents/Unreal Projects/SpawnAndSprite/Saved/gold_coin_round_star_6_Auto14183C54846C0700E44AE2EA73B713678.tmp' to '../../../../../../Users/3DJoe/Documents/Unreal Projects/SpawnAndSprite/Saved/Autosaves/Game/2DSideScroller/Sprites/Coins/gold_coin_round_star_6_Auto1.uasset'
[2016.01.07-22.49.01:913][719]LogSavePackage: Total save time: 6.512091ms
[2016.01.07-22.49.01:913][719]LogSavePackage:Display: Finished SavePackage ../../../../../../Users/3DJoe/Documents/Unreal Projects/SpawnAndSprite/Saved/Autosaves/Game/2DSideScroller/Sprites/Coins/gold_coin_round_star_6_Auto1.uasset
[2016.01.07-22.49.01:917][719]OBJ SavePackage: Generating thumbnails for [1] asset(s) in package [/Game/2DSideScroller/Sprites/Coins/gold_coin_round_star_1_Sprite] ([1] browsable assets)...
[2016.01.07-22.49.01:932][719]OBJ SavePackage:     Rendered thumbnail for [PaperSprite /Game/2DSideScroller/Sprites/Coins/gold_coin_round_star_1_Sprite.gold_coin_round_star_1_Sprite]
[2016.01.07-22.49.01:932][719]OBJ SavePackage: Finished generating thumbnails for package [/Game/2DSideScroller/Sprites/Coins/gold_coin_round_star_1_Sprite]
[2016.01.07-22.49.01:947][719]LogSavePackage: Save=13.033792ms
[2016.01.07-22.49.01:947][719]LogSavePackage: Moving '../../../../../../Users/3DJoe/Documents/Unreal Projects/SpawnAndSprite/Saved/gold_coin_round_star_1_Sprite_Auto1C09DD25F4735979A7756EBA24C122C67.tmp' to '../../../../../../Users/3DJoe/Documents/Unreal Projects/SpawnAndSprite/Saved/Autosaves/Game/2DSideScroller/Sprites/Coins/gold_coin_round_star_1_Sprite_Auto1.uasset'
[2016.01.07-22.49.01:948][719]LogSavePackage: Total save time: 14.299974ms
[2016.01.07-22.49.01:948][719]LogSavePackage:Display: Finished SavePackage ../../../../../../Users/3DJoe/Documents/Unreal Projects/SpawnAndSprite/Saved/Autosaves/Game/2DSideScroller/Sprites/Coins/gold_coin_round_star_1_Sprite_Auto1.uasset
[2016.01.07-22.49.01:952][719]OBJ SavePackage: Generating thumbnails for [1] asset(s) in package [/Game/2DSideScroller/Sprites/Coins/gold_coin_round_star_2_Sprite] ([1] browsable assets)...
[2016.01.07-22.49.01:966][719]OBJ SavePackage:     Rendered thumbnail for [PaperSprite /Game/2DSideScroller/Sprites/Coins/gold_coin_round_star_2_Sprite.gold_coin_round_star_2_Sprite]
[2016.01.07-22.49.01:966][719]OBJ SavePackage: Finished generating thumbnails for package [/Game/2DSideScroller/Sprites/Coins/gold_coin_round_star_2_Sprite]
[2016.01.07-22.49.01:980][719]LogSavePackage: Save=12.700570ms
[2016.01.07-22.49.01:980][719]LogSavePackage: Moving '../../../../../../Users/3DJoe/Documents/Unreal Projects/SpawnAndSprite/Saved/gold_coin_round_star_2_Sprite_Auto1E034764D4F0B0F0CA940DBAA10FD3EE0.tmp' to '../../../../../../Users/3DJoe/Documents/Unreal Projects/SpawnAndSprite/Saved/Autosaves/Game/2DSideScroller/Sprites/Coins/gold_coin_round_star_2_Sprite_Auto1.uasset'
[2016.01.07-22.49.01:981][719]LogSavePackage: Total save time: 13.964422ms
[2016.01.07-22.49.01:981][719]LogSavePackage:Display: Finished SavePackage ../../../../../../Users/3DJoe/Documents/Unreal Projects/SpawnAndSprite/Saved/Autosaves/Game/2DSideScroller/Sprites/Coins/gold_coin_round_star_2_Sprite_Auto1.uasset
[2016.01.07-22.49.01:985][719]OBJ SavePackage: Generating thumbnails for [1] asset(s) in package [/Game/2DSideScroller/Sprites/Coins/gold_coin_round_star_3_Sprite] ([1] browsable assets)...
[2016.01.07-22.49.01:999][719]OBJ SavePackage:     Rendered thumbnail for [PaperSprite /Game/2DSideScroller/Sprites/Coins/gold_coin_round_star_3_Sprite.gold_coin_round_star_3_Sprite]
[2016.01.07-22.49.01:999][719]OBJ SavePackage: Finished generating thumbnails for package [/Game/2DSideScroller/Sprites/Coins/gold_coin_round_star_3_Sprite]
[2016.01.07-22.49.02:013][719]LogSavePackage: Save=11.935676ms
[2016.01.07-22.49.02:013][719]LogSavePackage: Moving '../../../../../../Users/3DJoe/Documents/Unreal Projects/SpawnAndSprite/Saved/gold_coin_round_star_3_Sprite_Auto11E98AD46410E28640424F9B52C28D151.tmp' to '../../../../../../Users/3DJoe/Documents/Unreal Projects/SpawnAndSprite/Saved/Autosaves/Game/2DSideScroller/Sprites/Coins/gold_coin_round_star_3_Sprite_Auto1.uasset'
[2016.01.07-22.49.02:014][719]LogSavePackage: Total save time: 13.202149ms
[2016.01.07-22.49.02:014][719]LogSavePackage:Display: Finished SavePackage ../../../../../../Users/3DJoe/Documents/Unreal Projects/SpawnAndSprite/Saved/Autosaves/Game/2DSideScroller/Sprites/Coins/gold_coin_round_star_3_Sprite_Auto1.uasset
[2016.01.07-22.49.02:018][719]OBJ SavePackage: Generating thumbnails for [1] asset(s) in package [/Game/2DSideScroller/Sprites/Coins/gold_coin_round_star_4_Sprite] ([1] browsable assets)...
[2016.01.07-22.49.02:031][719]OBJ SavePackage:     Rendered thumbnail for [PaperSprite /Game/2DSideScroller/Sprites/Coins/gold_coin_round_star_4_Sprite.gold_coin_round_star_4_Sprite]
[2016.01.07-22.49.02:031][719]OBJ SavePackage: Finished generating thumbnails for package [/Game/2DSideScroller/Sprites/Coins/gold_coin_round_star_4_Sprite]
[2016.01.07-22.49.02:044][719]LogSavePackage: Save=10.059849ms
[2016.01.07-22.49.02:044][719]LogSavePackage: Moving '../../../../../../Users/3DJoe/Documents/Unreal Projects/SpawnAndSprite/Saved/gold_coin_round_star_4_Sprite_Auto155F9B9704C3ADEF74C41EE9E31531C03.tmp' to '../../../../../../Users/3DJoe/Documents/Unreal Projects/SpawnAndSprite/Saved/Autosaves/Game/2DSideScroller/Sprites/Coins/gold_coin_round_star_4_Sprite_Auto1.uasset'
[2016.01.07-22.49.02:045][719]LogSavePackage: Total save time: 11.397395ms
[2016.01.07-22.49.02:045][719]LogSavePackage:Display: Finished SavePackage ../../../../../../Users/3DJoe/Documents/Unreal Projects/SpawnAndSprite/Saved/Autosaves/Game/2DSideScroller/Sprites/Coins/gold_coin_round_star_4_Sprite_Auto1.uasset
[2016.01.07-22.49.02:049][719]OBJ SavePackage: Generating thumbnails for [1] asset(s) in package [/Game/2DSideScroller/Sprites/Coins/gold_coin_round_star_5_Sprite] ([1] browsable assets)...
[2016.01.07-22.49.02:063][719]OBJ SavePackage:     Rendered thumbnail for [PaperSprite /Game/2DSideScroller/Sprites/Coins/gold_coin_round_star_5_Sprite.gold_coin_round_star_5_Sprite]
[2016.01.07-22.49.02:063][719]OBJ SavePackage: Finished generating thumbnails for package [/Game/2DSideScroller/Sprites/Coins/gold_coin_round_star_5_Sprite]
[2016.01.07-22.49.02:077][719]LogSavePackage: Save=12.271519ms
[2016.01.07-22.49.02:077][719]LogSavePackage: Moving '../../../../../../Users/3DJoe/Documents/Unreal Projects/SpawnAndSprite/Saved/gold_coin_round_star_5_Sprite_Auto164CE224C4B3BC83975AEFC89D066D320.tmp' to '../../../../../../Users/3DJoe/Documents/Unreal Projects/SpawnAndSprite/Saved/Autosaves/Game/2DSideScroller/Sprites/Coins/gold_coin_round_star_5_Sprite_Auto1.uasset'
[2016.01.07-22.49.02:078][719]LogSavePackage: Total save time: 13.713922ms
[2016.01.07-22.49.02:078][719]LogSavePackage:Display: Finished SavePackage ../../../../../../Users/3DJoe/Documents/Unreal Projects/SpawnAndSprite/Saved/Autosaves/Game/2DSideScroller/Sprites/Coins/gold_coin_round_star_5_Sprite_Auto1.uasset
[2016.01.07-22.49.02:082][719]OBJ SavePackage: Generating thumbnails for [1] asset(s) in package [/Game/2DSideScroller/Sprites/Coins/gold_coin_round_star_6_Sprite] ([1] browsable assets)...
[2016.01.07-22.49.02:096][719]OBJ SavePackage:     Rendered thumbnail for [PaperSprite /Game/2DSideScroller/Sprites/Coins/gold_coin_round_star_6_Sprite.gold_coin_round_star_6_Sprite]
[2016.01.07-22.49.02:096][719]OBJ SavePackage: Finished generating thumbnails for package [/Game/2DSideScroller/Sprites/Coins/gold_coin_round_star_6_Sprite]
[2016.01.07-22.49.02:111][719]LogSavePackage: Save=13.162827ms
[2016.01.07-22.49.02:111][719]LogSavePackage: Moving '../../../../../../Users/3DJoe/Documents/Unreal Projects/SpawnAndSprite/Saved/gold_coin_round_star_6_Sprite_Auto13B8654834D0B2351602FE2ACD1740EAF.tmp' to '../../../../../../Users/3DJoe/Documents/Unreal Projects/SpawnAndSprite/Saved/Autosaves/Game/2DSideScroller/Sprites/Coins/gold_coin_round_star_6_Sprite_Auto1.uasset'
[2016.01.07-22.49.02:112][719]LogSavePackage: Total save time: 14.461342ms
[2016.01.07-22.49.02:112][719]LogSavePackage:Display: Finished SavePackage ../../../../../../Users/3DJoe/Documents/Unreal Projects/SpawnAndSprite/Saved/Autosaves/Game/2DSideScroller/Sprites/Coins/gold_coin_round_star_6_Sprite_Auto1.uasset
[2016.01.07-22.49.02:122][719]LogSavePackage: Save=4.189152ms
[2016.01.07-22.49.02:122][719]LogSavePackage: Moving '../../../../../../Users/3DJoe/Documents/Unreal Projects/SpawnAndSprite/Saved/gold_coin_round_star_Auto19E20C5384D8A845E8754B7A98C3A0895.tmp' to '../../../../../../Users/3DJoe/Documents/Unreal Projects/SpawnAndSprite/Saved/Autosaves/Game/Blueprints/gold_coin_round_star_Auto1.uasset'
[2016.01.07-22.49.02:123][719]LogSavePackage: Total save time: 5.400866ms
[2016.01.07-22.49.02:123][719]LogSavePackage:Display: Finished SavePackage ../../../../../../Users/3DJoe/Documents/Unreal Projects/SpawnAndSprite/Saved/Autosaves/Game/Blueprints/gold_coin_round_star_Auto1.uasset
[2016.01.07-22.49.02:123][719]LogFileHelpers: Auto-saving content packages took 0.290
[2016.01.07-22.53.54:616][912]BlueprintLog: New page: Compile 2DSideScrollerExampleMap
[2016.01.07-22.53.54:710][912]BlueprintEditorCompileResults: Info [1778.65] Compile of 2DSideScrollerExampleMap successful! [in 94 ms]
[2016.01.07-22.54.40:259][547]BlueprintLog: New page: Compile 2DSideScrollerExampleMap
[2016.01.07-22.54.40:340][547]BlueprintEditorCompileResults: Info [1824.27] Compile of 2DSideScrollerExampleMap successful! [in 80 ms]
[2016.01.07-22.54.56:243][ 93]BlueprintLog: New page: Compile 2DSideScrollerExampleMap
[2016.01.07-22.54.56:326][ 93]BlueprintEditorCompileResults: Info [1840.26] Compile of 2DSideScrollerExampleMap successful! [in 82 ms]
[2016.01.07-22.55.00:607][435]LogBlueprintUserMessages: Early PlayInEditor Detection: Level '/Game/2DSideScrollerBP/Maps/2DSideScrollerExampleMap.2DSideScrollerExampleMap:PersistentLevel' has LevelScriptBlueprint '/Game/2DSideScrollerBP/Maps/2DSideScrollerExampleMap.2DSideScrollerExampleMap:PersistentLevel.2DSideScrollerExampleMap' with GeneratedClass '/Game/2DSideScrollerBP/Maps/2DSideScrollerExampleMap.2DSideScrollerExampleMap_C' with ClassGeneratedBy '/Game/2DSideScrollerBP/Maps/2DSideScrollerExampleMap.2DSideScrollerExampleMap:PersistentLevel.2DSideScrollerExampleMap'
[2016.01.07-22.55.00:607][435]LogPlayLevel: PlayLevel: No blueprints needed recompiling
[2016.01.07-22.55.00:607][435]PIE: New page: PIE session: 2DSideScrollerExampleMap (Jan 7, 2016, 6:55:00 AM)
[2016.01.07-22.55.00:607][435]LogPlayLevel: Creating play world package: /Game/2DSideScrollerBP/Maps/UEDPIE_0_2DSideScrollerExampleMap
[2016.01.07-22.55.00:613][435]LogPlayLevel: PIE: StaticDuplicateObject took: (0.005170s)
[2016.01.07-22.55.00:613][435]LogAIModule: Creating AISystem for world 2DSideScrollerExampleMap
[2016.01.07-22.55.00:614][435]LogPlayLevel: PIE: World Init took: (0.001063s)
[2016.01.07-22.55.00:614][435]LogPlayLevel: PIE: Created PIE world by copying editor world from /Game/2DSideScrollerBP/Maps/2DSideScrollerExampleMap.2DSideScrollerExampleMap to /Game/2DSideScrollerBP/Maps/UEDPIE_0_2DSideScrollerExampleMap.2DSideScrollerExampleMap (0.006546s)
[2016.01.07-22.55.00:671][435]LogInit: XAudio2 using 'Speakers_Front (Realtek High Definition Audio)' : 2 channels at 48 kHz using 32 bits per sample (channel mask 0x3)
[2016.01.07-22.55.00:685][435]LogInit: FAudioDevice initialized.
[2016.01.07-22.55.00:719][435]LogWorld: Game class is '2DSideScrollerGameMode_C'
[2016.01.07-22.55.00:724][435]LogWorld: Bringing World /Game/2DSideScrollerBP/Maps/UEDPIE_0_2DSideScrollerExampleMap.2DSideScrollerExampleMap up for play (max tick rate 0) at 2016.01.07-14.55.00
[2016.01.07-22.55.00:724][435]LogActor:Warning: GameSession /Game/2DSideScrollerBP/Maps/UEDPIE_0_2DSideScrollerExampleMap.2DSideScrollerExampleMap:PersistentLevel.GameSession_1 has natively added scene component(s), but none of them were set as the actor's RootComponent - picking one arbitrarily
[2016.01.07-22.55.00:724][435]LogActor:Warning: GameNetworkManager /Game/2DSideScrollerBP/Maps/UEDPIE_0_2DSideScrollerExampleMap.2DSideScrollerExampleMap:PersistentLevel.GameNetworkManager_1 has natively added scene component(s), but none of them were set as the actor's RootComponent - picking one arbitrarily
[2016.01.07-22.55.00:725][435]LogWorld: Bringing up level for play took: 0.004498
[2016.01.07-22.55.00:726][435]PIE: Info Play in editor start time for /Game/2DSideScrollerBP/Maps/UEDPIE_0_2DSideScrollerExampleMap -0.395
[2016.01.07-22.55.00:726][435]LogBlueprintUserMessages: Late PlayInEditor Detection: Level '/Game/2DSideScrollerBP/Maps/2DSideScrollerExampleMap.2DSideScrollerExampleMap:PersistentLevel' has LevelScriptBlueprint '/Game/2DSideScrollerBP/Maps/2DSideScrollerExampleMap.2DSideScrollerExampleMap:PersistentLevel.2DSideScrollerExampleMap' with GeneratedClass '/Game/2DSideScrollerBP/Maps/2DSideScrollerExampleMap.2DSideScrollerExampleMap_C' with ClassGeneratedBy '/Game/2DSideScrollerBP/Maps/2DSideScrollerExampleMap.2DSideScrollerExampleMap:PersistentLevel.2DSideScrollerExampleMap'
[2016.01.07-22.55.05:373][968]LogBlueprintUserMessages: Early EndPlayMap Detection: Level '/Game/2DSideScrollerBP/Maps/2DSideScrollerExampleMap.2DSideScrollerExampleMap:PersistentLevel' has LevelScriptBlueprint '/Game/2DSideScrollerBP/Maps/2DSideScrollerExampleMap.2DSideScrollerExampleMap:PersistentLevel.2DSideScrollerExampleMap' with GeneratedClass '/Game/2DSideScrollerBP/Maps/2DSideScrollerExampleMap.2DSideScrollerExampleMap_C' with ClassGeneratedBy '/Game/2DSideScrollerBP/Maps/2DSideScrollerExampleMap.2DSideScrollerExampleMap:PersistentLevel.2DSideScrollerExampleMap'
[2016.01.07-22.55.05:427][968]LogBlueprintUserMessages: Late EndPlayMap Detection: Level '/Game/2DSideScrollerBP/Maps/2DSideScrollerExampleMap.2DSideScrollerExampleMap:PersistentLevel' has LevelScriptBlueprint '/Game/2DSideScrollerBP/Maps/2DSideScrollerExampleMap.2DSideScrollerExampleMap:PersistentLevel.2DSideScrollerExampleMap' with GeneratedClass '/Game/2DSideScrollerBP/Maps/2DSideScrollerExampleMap.2DSideScrollerExampleMap_C' with ClassGeneratedBy '/Game/2DSideScrollerBP/Maps/2DSideScrollerExampleMap.2DSideScrollerExampleMap:PersistentLevel.2DSideScrollerExampleMap'
[2016.01.07-22.55.05:465][968]LogParticles: Destroying 0 GPU particle simulations for FXSystem 0x000001DA0CF1A840
[2016.01.07-22.57.44:836][110]BlueprintLog: New page: Compile 2DSideScrollerExampleMap
[2016.01.07-22.57.44:934][110]BlueprintEditorCompileResults: Info [2008.87] Compile of 2DSideScrollerExampleMap successful! [in 97 ms]
[2016.01.07-22.57.49:200][440]LogSavePackage: Save=132.724350ms
[2016.01.07-22.57.49:200][440]LogSavePackage: Moving '../../../../../../Users/3DJoe/Documents/Unreal Projects/SpawnAndSprite/Saved/2DSideScrollerExampleMap3B5EC4B141FA6C754EB2FAA08D969211.tmp' to '../../../../../../Users/3DJoe/Documents/Unreal Projects/SpawnAndSprite/Content/2DSideScrollerBP/Maps/2DSideScrollerExampleMap.umap'
[2016.01.07-22.57.49:208][440]LogSavePackage: Total save time: 147.859417ms
[2016.01.07-22.57.49:208][440]LogSavePackage:Display: Finished SavePackage ../../../../../../Users/3DJoe/Documents/Unreal Projects/SpawnAndSprite/Content/2DSideScrollerBP/Maps/2DSideScrollerExampleMap.umap
[2016.01.07-22.57.50:132][506]LogBlueprintUserMessages: Early PlayInEditor Detection: Level '/Game/2DSideScrollerBP/Maps/2DSideScrollerExampleMap.2DSideScrollerExampleMap:PersistentLevel' has LevelScriptBlueprint '/Game/2DSideScrollerBP/Maps/2DSideScrollerExampleMap.2DSideScrollerExampleMap:PersistentLevel.2DSideScrollerExampleMap' with GeneratedClass '/Game/2DSideScrollerBP/Maps/2DSideScrollerExampleMap.2DSideScrollerExampleMap_C' with ClassGeneratedBy '/Game/2DSideScrollerBP/Maps/2DSideScrollerExampleMap.2DSideScrollerExampleMap:PersistentLevel.2DSideScrollerExampleMap'
[2016.01.07-22.57.50:132][506]LogPlayLevel: PlayLevel: No blueprints needed recompiling
[2016.01.07-22.57.50:133][506]PIE: New page: PIE session: 2DSideScrollerExampleMap (Jan 7, 2016, 6:57:50 AM)
[2016.01.07-22.57.50:133][506]LogPlayLevel: Creating play world package: /Game/2DSideScrollerBP/Maps/UEDPIE_0_2DSideScrollerExampleMap
[2016.01.07-22.57.50:141][506]LogPlayLevel: PIE: StaticDuplicateObject took: (0.008330s)
[2016.01.07-22.57.50:142][506]LogAIModule: Creating AISystem for world 2DSideScrollerExampleMap
[2016.01.07-22.57.50:142][506]LogPlayLevel: PIE: World Init took: (0.001292s)
[2016.01.07-22.57.50:143][506]LogPlayLevel: PIE: Created PIE world by copying editor world from /Game/2DSideScrollerBP/Maps/2DSideScrollerExampleMap.2DSideScrollerExampleMap to /Game/2DSideScrollerBP/Maps/UEDPIE_0_2DSideScrollerExampleMap.2DSideScrollerExampleMap (0.009838s)
[2016.01.07-22.57.50:188][506]LogInit: XAudio2 using 'Speakers_Front (Realtek High Definition Audio)' : 2 channels at 48 kHz using 32 bits per sample (channel mask 0x3)
[2016.01.07-22.57.50:201][506]LogInit: FAudioDevice initialized.
[2016.01.07-22.57.50:235][506]LogWorld: Game class is '2DSideScrollerGameMode_C'
[2016.01.07-22.57.50:241][506]LogWorld: Bringing World /Game/2DSideScrollerBP/Maps/UEDPIE_0_2DSideScrollerExampleMap.2DSideScrollerExampleMap up for play (max tick rate 0) at 2016.01.07-14.57.50
[2016.01.07-22.57.50:241][506]LogActor:Warning: GameSession /Game/2DSideScrollerBP/Maps/UEDPIE_0_2DSideScrollerExampleMap.2DSideScrollerExampleMap:PersistentLevel.GameSession_2 has natively added scene component(s), but none of them were set as the actor's RootComponent - picking one arbitrarily
[2016.01.07-22.57.50:242][506]LogActor:Warning: GameNetworkManager /Game/2DSideScrollerBP/Maps/UEDPIE_0_2DSideScrollerExampleMap.2DSideScrollerExampleMap:PersistentLevel.GameNetworkManager_2 has natively added scene component(s), but none of them were set as the actor's RootComponent - picking one arbitrarily
[2016.01.07-22.57.50:242][506]LogWorld: Bringing up level for play took: 0.005920
[2016.01.07-22.57.50:243][506]PIE: Info Play in editor start time for /Game/2DSideScrollerBP/Maps/UEDPIE_0_2DSideScrollerExampleMap -0.878
[2016.01.07-22.57.50:244][506]LogBlueprintUserMessages: Late PlayInEditor Detection: Level '/Game/2DSideScrollerBP/Maps/2DSideScrollerExampleMap.2DSideScrollerExampleMap:PersistentLevel' has LevelScriptBlueprint '/Game/2DSideScrollerBP/Maps/2DSideScrollerExampleMap.2DSideScrollerExampleMap:PersistentLevel.2DSideScrollerExampleMap' with GeneratedClass '/Game/2DSideScrollerBP/Maps/2DSideScrollerExampleMap.2DSideScrollerExampleMap_C' with ClassGeneratedBy '/Game/2DSideScrollerBP/Maps/2DSideScrollerExampleMap.2DSideScrollerExampleMap:PersistentLevel.2DSideScrollerExampleMap'
[2016.01.07-22.59.29:724][197]LogBlueprintUserMessages: Early EndPlayMap Detection: Level '/Game/2DSideScrollerBP/Maps/2DSideScrollerExampleMap.2DSideScrollerExampleMap:PersistentLevel' has LevelScriptBlueprint '/Game/2DSideScrollerBP/Maps/2DSideScrollerExampleMap.2DSideScrollerExampleMap:PersistentLevel.2DSideScrollerExampleMap' with GeneratedClass '/Game/2DSideScrollerBP/Maps/2DSideScrollerExampleMap.2DSideScrollerExampleMap_C' with ClassGeneratedBy '/Game/2DSideScrollerBP/Maps/2DSideScrollerExampleMap.2DSideScrollerExampleMap:PersistentLevel.2DSideScrollerExampleMap'
[2016.01.07-22.59.29:768][197]LogBlueprintUserMessages: Late EndPlayMap Detection: Level '/Game/2DSideScrollerBP/Maps/2DSideScrollerExampleMap.2DSideScrollerExampleMap:PersistentLevel' has LevelScriptBlueprint '/Game/2DSideScrollerBP/Maps/2DSideScrollerExampleMap.2DSideScrollerExampleMap:PersistentLevel.2DSideScrollerExampleMap' with GeneratedClass '/Game/2DSideScrollerBP/Maps/2DSideScrollerExampleMap.2DSideScrollerExampleMap_C' with ClassGeneratedBy '/Game/2DSideScrollerBP/Maps/2DSideScrollerExampleMap.2DSideScrollerExampleMap:PersistentLevel.2DSideScrollerExampleMap'
[2016.01.07-22.59.29:806][197]LogParticles: Destroying 0 GPU particle simulations for FXSystem 0x000001DA0DB19F80
[2016.01.07-23.01.57:645][477]BlueprintLog: New page: Compile 2DSideScrollerExampleMap
[2016.01.07-23.01.57:656][477]LogBlueprint:Error: [compiler 2DSideScrollerExampleMap] Error The current value of the ' Event ' pin is invalid: Unsupported type Delegate on pin Delegate
[2016.01.07-23.01.57:808][477]LogBlueprint:Warning: [compiler 2DSideScrollerExampleMap] Warning [2261.74] Compile of 2DSideScrollerExampleMap failed. 1 Fatal Issue(s) 0 Warning(s) [in 163 ms]
[2016.01.07-23.01.57:808][477]BlueprintEditorCompileResults:Error: Error The current value of the ' Event ' pin is invalid: Unsupported type Delegate on pin Delegate
[2016.01.07-23.01.57:808][477]BlueprintEditorCompileResults:Warning: Warning [2261.74] Compile of 2DSideScrollerExampleMap failed. 1 Fatal Issue(s) 0 Warning(s) [in 163 ms]
[2016.01.07-23.03.01:249][ 33]BlueprintLog: New page: Compile 2DSideScrollerExampleMap
[2016.01.07-23.03.01:337][ 33]BlueprintEditorCompileResults: Info [2325.27] Compile of 2DSideScrollerExampleMap successful! [in 88 ms]
[2016.01.07-23.03.04:395][305]LogBlueprintUserMessages: Early PlayInEditor Detection: Level '/Game/2DSideScrollerBP/Maps/2DSideScrollerExampleMap.2DSideScrollerExampleMap:PersistentLevel' has LevelScriptBlueprint '/Game/2DSideScrollerBP/Maps/2DSideScrollerExampleMap.2DSideScrollerExampleMap:PersistentLevel.2DSideScrollerExampleMap' with GeneratedClass '/Game/2DSideScrollerBP/Maps/2DSideScrollerExampleMap.2DSideScrollerExampleMap_C' with ClassGeneratedBy '/Game/2DSideScrollerBP/Maps/2DSideScrollerExampleMap.2DSideScrollerExampleMap:PersistentLevel.2DSideScrollerExampleMap'
[2016.01.07-23.03.04:395][305]LogPlayLevel: PlayLevel: No blueprints needed recompiling
[2016.01.07-23.03.04:396][305]PIE: New page: PIE session: 2DSideScrollerExampleMap (Jan 7, 2016, 7:03:04 AM)
[2016.01.07-23.03.04:396][305]LogPlayLevel: Creating play world package: /Game/2DSideScrollerBP/Maps/UEDPIE_0_2DSideScrollerExampleMap
[2016.01.07-23.03.04:404][305]LogPlayLevel: PIE: StaticDuplicateObject took: (0.007876s)
[2016.01.07-23.03.04:405][305]LogAIModule: Creating AISystem for world 2DSideScrollerExampleMap
[2016.01.07-23.03.04:405][305]LogPlayLevel: PIE: World Init took: (0.001107s)
[2016.01.07-23.03.04:405][305]LogPlayLevel: PIE: Created PIE world by copying editor world from /Game/2DSideScrollerBP/Maps/2DSideScrollerExampleMap.2DSideScrollerExampleMap to /Game/2DSideScrollerBP/Maps/UEDPIE_0_2DSideScrollerExampleMap.2DSideScrollerExampleMap (0.009180s)
[2016.01.07-23.03.04:454][305]LogInit: XAudio2 using 'Speakers_Front (Realtek High Definition Audio)' : 2 channels at 48 kHz using 32 bits per sample (channel mask 0x3)
[2016.01.07-23.03.04:466][305]LogInit: FAudioDevice initialized.
[2016.01.07-23.03.04:503][305]LogWorld: Game class is '2DSideScrollerGameMode_C'
[2016.01.07-23.03.04:508][305]LogWorld: Bringing World /Game/2DSideScrollerBP/Maps/UEDPIE_0_2DSideScrollerExampleMap.2DSideScrollerExampleMap up for play (max tick rate 0) at 2016.01.07-15.03.04
[2016.01.07-23.03.04:508][305]LogActor:Warning: GameSession /Game/2DSideScrollerBP/Maps/UEDPIE_0_2DSideScrollerExampleMap.2DSideScrollerExampleMap:PersistentLevel.GameSession_3 has natively added scene component(s), but none of them were set as the actor's RootComponent - picking one arbitrarily
[2016.01.07-23.03.04:508][305]LogActor:Warning: GameNetworkManager /Game/2DSideScrollerBP/Maps/UEDPIE_0_2DSideScrollerExampleMap.2DSideScrollerExampleMap:PersistentLevel.GameNetworkManager_3 has natively added scene component(s), but none of them were set as the actor's RootComponent - picking one arbitrarily
[2016.01.07-23.03.04:508][305]LogWorld: Bringing up level for play took: 0.004443
[2016.01.07-23.03.04:523][305]PIE: Info Play in editor start time for /Game/2DSideScrollerBP/Maps/UEDPIE_0_2DSideScrollerExampleMap -0.599
[2016.01.07-23.03.04:523][305]LogBlueprintUserMessages: Late PlayInEditor Detection: Level '/Game/2DSideScrollerBP/Maps/2DSideScrollerExampleMap.2DSideScrollerExampleMap:PersistentLevel' has LevelScriptBlueprint '/Game/2DSideScrollerBP/Maps/2DSideScrollerExampleMap.2DSideScrollerExampleMap:PersistentLevel.2DSideScrollerExampleMap' with GeneratedClass '/Game/2DSideScrollerBP/Maps/2DSideScrollerExampleMap.2DSideScrollerExampleMap_C' with ClassGeneratedBy '/Game/2DSideScrollerBP/Maps/2DSideScrollerExampleMap.2DSideScrollerExampleMap:PersistentLevel.2DSideScrollerExampleMap'
[2016.01.07-23.03.26:660][801]LogBlueprintUserMessages: Early EndPlayMap Detection: Level '/Game/2DSideScrollerBP/Maps/2DSideScrollerExampleMap.2DSideScrollerExampleMap:PersistentLevel' has LevelScriptBlueprint '/Game/2DSideScrollerBP/Maps/2DSideScrollerExampleMap.2DSideScrollerExampleMap:PersistentLevel.2DSideScrollerExampleMap' with GeneratedClass '/Game/2DSideScrollerBP/Maps/2DSideScrollerExampleMap.2DSideScrollerExampleMap_C' with ClassGeneratedBy '/Game/2DSideScrollerBP/Maps/2DSideScrollerExampleMap.2DSideScrollerExampleMap:PersistentLevel.2DSideScrollerExampleMap'
[2016.01.07-23.03.26:712][801]LogBlueprintUserMessages: Late EndPlayMap Detection: Level '/Game/2DSideScrollerBP/Maps/2DSideScrollerExampleMap.2DSideScrollerExampleMap:PersistentLevel' has LevelScriptBlueprint '/Game/2DSideScrollerBP/Maps/2DSideScrollerExampleMap.2DSideScrollerExampleMap:PersistentLevel.2DSideScrollerExampleMap' with GeneratedClass '/Game/2DSideScrollerBP/Maps/2DSideScrollerExampleMap.2DSideScrollerExampleMap_C' with ClassGeneratedBy '/Game/2DSideScrollerBP/Maps/2DSideScrollerExampleMap.2DSideScrollerExampleMap:PersistentLevel.2DSideScrollerExampleMap'
[2016.01.07-23.03.26:748][801]LogParticles: Destroying 0 GPU particle simulations for FXSystem 0x000001DA235784A0
[2016.01.07-23.05.20:523][237]LogSavePackage: Save=135.276520ms
[2016.01.07-23.05.20:523][237]LogSavePackage: Moving '../../../../../../Users/3DJoe/Documents/Unreal Projects/SpawnAndSprite/Saved/2DSideScrollerExampleMap96AAEC35472E9A23E571A2ACD57A7D3B.tmp' to '../../../../../../Users/3DJoe/Documents/Unreal Projects/SpawnAndSprite/Content/2DSideScrollerBP/Maps/2DSideScrollerExampleMap.umap'
[2016.01.07-23.05.20:526][237]LogSavePackage: Total save time: 144.644879ms
[2016.01.07-23.05.20:526][237]LogSavePackage:Display: Finished SavePackage ../../../../../../Users/3DJoe/Documents/Unreal Projects/SpawnAndSprite/Content/2DSideScrollerBP/Maps/2DSideScrollerExampleMap.umap
[2016.01.07-23.17.33:661][947]SourceControl:Error: Error Failed to enable Git source control. You need to initialize the project as a Git repository first.
[2016.01.07-23.17.46:803][ 37]SourceControl:Error: Error Failed to enable Git source control. You need to initialize the project as a Git repository first.
[2016.01.07-23.17.58:432][788]SourceControl: Info Source control is disabled
[2016.01.08-00.06.31:988][740]LogSavePackage: Save=29.111141ms
[2016.01.08-00.06.31:988][740]LogSavePackage: Moving '../../../../../../Users/3DJoe/Documents/Unreal Projects/SpawnAndSprite/Saved/gold_coin_round_star_1B483C848452220C73F00348CF9C54B91.tmp' to '../../../../../../Users/3DJoe/Documents/Unreal Projects/SpawnAndSprite/Content/2DSideScroller/Sprites/Coins/gold_coin_round_star_1.uasset'
[2016.01.08-00.06.31:994][740]LogSavePackage: Total save time: 36.024027ms
[2016.01.08-00.06.31:994][740]LogSavePackage:Display: Finished SavePackage ../../../../../../Users/3DJoe/Documents/Unreal Projects/SpawnAndSprite/Content/2DSideScroller/Sprites/Coins/gold_coin_round_star_1.uasset
[2016.01.08-00.06.32:035][740]LogSavePackage: Save=15.370128ms
[2016.01.08-00.06.32:035][740]LogSavePackage: Moving '../../../../../../Users/3DJoe/Documents/Unreal Projects/SpawnAndSprite/Saved/gold_coin_round_star_1_Sprite4951F5304DB306B2D9D59C8EBDB5723B.tmp' to '../../../../../../Users/3DJoe/Documents/Unreal Projects/SpawnAndSprite/Content/2DSideScroller/Sprites/Coins/gold_coin_round_star_1_Sprite.uasset'
[2016.01.08-00.06.32:041][740]LogSavePackage: Total save time: 21.807943ms
[2016.01.08-00.06.32:041][740]LogSavePackage:Display: Finished SavePackage ../../../../../../Users/3DJoe/Documents/Unreal Projects/SpawnAndSprite/Content/2DSideScroller/Sprites/Coins/gold_coin_round_star_1_Sprite.uasset
[2016.01.08-00.06.32:059][740]LogSavePackage: Save=5.545340ms
[2016.01.08-00.06.32:059][740]LogSavePackage: Moving '../../../../../../Users/3DJoe/Documents/Unreal Projects/SpawnAndSprite/Saved/gold_coin_round_star_214F1FD10421CE1D68B94AA91090E7C82.tmp' to '../../../../../../Users/3DJoe/Documents/Unreal Projects/SpawnAndSprite/Content/2DSideScroller/Sprites/Coins/gold_coin_round_star_2.uasset'
[2016.01.08-00.06.32:065][740]LogSavePackage: Total save time: 11.472836ms
[2016.01.08-00.06.32:065][740]LogSavePackage:Display: Finished SavePackage ../../../../../../Users/3DJoe/Documents/Unreal Projects/SpawnAndSprite/Content/2DSideScroller/Sprites/Coins/gold_coin_round_star_2.uasset
[2016.01.08-00.06.32:102][740]LogSavePackage: Save=13.387693ms
[2016.01.08-00.06.32:102][740]LogSavePackage: Moving '../../../../../../Users/3DJoe/Documents/Unreal Projects/SpawnAndSprite/Saved/gold_coin_round_star_2_SpriteC33F9BD947DA3564DC21488C021A3DE6.tmp' to '../../../../../../Users/3DJoe/Documents/Unreal Projects/SpawnAndSprite/Content/2DSideScroller/Sprites/Coins/gold_coin_round_star_2_Sprite.uasset'
[2016.01.08-00.06.32:108][740]LogSavePackage: Total save time: 19.530736ms
[2016.01.08-00.06.32:108][740]LogSavePackage:Display: Finished SavePackage ../../../../../../Users/3DJoe/Documents/Unreal Projects/SpawnAndSprite/Content/2DSideScroller/Sprites/Coins/gold_coin_round_star_2_Sprite.uasset
[2016.01.08-00.06.32:126][740]LogSavePackage: Save=5.954876ms
[2016.01.08-00.06.32:126][740]LogSavePackage: Moving '../../../../../../Users/3DJoe/Documents/Unreal Projects/SpawnAndSprite/Saved/gold_coin_round_star_3A5041DF74BFDA80BD7A0029F332776DF.tmp' to '../../../../../../Users/3DJoe/Documents/Unreal Projects/SpawnAndSprite/Content/2DSideScroller/Sprites/Coins/gold_coin_round_star_3.uasset'
[2016.01.08-00.06.32:132][740]LogSavePackage: Total save time: 11.949368ms
[2016.01.08-00.06.32:132][740]LogSavePackage:Display: Finished SavePackage ../../../../../../Users/3DJoe/Documents/Unreal Projects/SpawnAndSprite/Content/2DSideScroller/Sprites/Coins/gold_coin_round_star_3.uasset
[2016.01.08-00.06.32:166][740]LogSavePackage: Save=12.302977ms
[2016.01.08-00.06.32:166][740]LogSavePackage: Moving '../../../../../../Users/3DJoe/Documents/Unreal Projects/SpawnAndSprite/Saved/gold_coin_round_star_3_Sprite04C9654F4F7ABA40809FF3B24EF7AC05.tmp' to '../../../../../../Users/3DJoe/Documents/Unreal Projects/SpawnAndSprite/Content/2DSideScroller/Sprites/Coins/gold_coin_round_star_3_Sprite.uasset'
[2016.01.08-00.06.32:172][740]LogSavePackage: Total save time: 18.438734ms
[2016.01.08-00.06.32:172][740]LogSavePackage:Display: Finished SavePackage ../../../../../../Users/3DJoe/Documents/Unreal Projects/SpawnAndSprite/Content/2DSideScroller/Sprites/Coins/gold_coin_round_star_3_Sprite.uasset
[2016.01.08-00.06.32:190][740]LogSavePackage: Save=5.390671ms
[2016.01.08-00.06.32:190][740]LogSavePackage: Moving '../../../../../../Users/3DJoe/Documents/Unreal Projects/SpawnAndSprite/Saved/gold_coin_round_star_491068D3C46062E25E30024B7FB9D2D5F.tmp' to '../../../../../../Users/3DJoe/Documents/Unreal Projects/SpawnAndSprite/Content/2DSideScroller/Sprites/Coins/gold_coin_round_star_4.uasset'
[2016.01.08-00.06.32:196][740]LogSavePackage: Total save time: 11.393610ms
[2016.01.08-00.06.32:196][740]LogSavePackage:Display: Finished SavePackage ../../../../../../Users/3DJoe/Documents/Unreal Projects/SpawnAndSprite/Content/2DSideScroller/Sprites/Coins/gold_coin_round_star_4.uasset
[2016.01.08-00.06.32:229][740]LogSavePackage: Save=10.305396ms
[2016.01.08-00.06.32:229][740]LogSavePackage: Moving '../../../../../../Users/3DJoe/Documents/Unreal Projects/SpawnAndSprite/Saved/gold_coin_round_star_4_Sprite99FCFE2D4AC7C9B3540CE19BDA430672.tmp' to '../../../../../../Users/3DJoe/Documents/Unreal Projects/SpawnAndSprite/Content/2DSideScroller/Sprites/Coins/gold_coin_round_star_4_Sprite.uasset'
[2016.01.08-00.06.32:235][740]LogSavePackage: Total save time: 16.430378ms
[2016.01.08-00.06.32:235][740]LogSavePackage:Display: Finished SavePackage ../../../../../../Users/3DJoe/Documents/Unreal Projects/SpawnAndSprite/Content/2DSideScroller/Sprites/Coins/gold_coin_round_star_4_Sprite.uasset
[2016.01.08-00.06.32:252][740]LogSavePackage: Save=6.166926ms
[2016.01.08-00.06.32:252][740]LogSavePackage: Moving '../../../../../../Users/3DJoe/Documents/Unreal Projects/SpawnAndSprite/Saved/gold_coin_round_star_582A1273A4FC5E1CCF2FD1B97699B7A9F.tmp' to '../../../../../../Users/3DJoe/Documents/Unreal Projects/SpawnAndSprite/Content/2DSideScroller/Sprites/Coins/gold_coin_round_star_5.uasset'
[2016.01.08-00.06.32:283][740]LogSavePackage: Total save time: 37.299823ms
[2016.01.08-00.06.32:283][740]LogSavePackage:Display: Finished SavePackage ../../../../../../Users/3DJoe/Documents/Unreal Projects/SpawnAndSprite/Content/2DSideScroller/Sprites/Coins/gold_coin_round_star_5.uasset
[2016.01.08-00.06.32:318][740]LogSavePackage: Save=12.249381ms
[2016.01.08-00.06.32:318][740]LogSavePackage: Moving '../../../../../../Users/3DJoe/Documents/Unreal Projects/SpawnAndSprite/Saved/gold_coin_round_star_5_Sprite2A27E7FD43EC4C0199DDB09238CBA10E.tmp' to '../../../../../../Users/3DJoe/Documents/Unreal Projects/SpawnAndSprite/Content/2DSideScroller/Sprites/Coins/gold_coin_round_star_5_Sprite.uasset'
[2016.01.08-00.06.32:324][740]LogSavePackage: Total save time: 18.314652ms
[2016.01.08-00.06.32:324][740]LogSavePackage:Display: Finished SavePackage ../../../../../../Users/3DJoe/Documents/Unreal Projects/SpawnAndSprite/Content/2DSideScroller/Sprites/Coins/gold_coin_round_star_5_Sprite.uasset
[2016.01.08-00.06.32:342][740]LogSavePackage: Save=6.017209ms
[2016.01.08-00.06.32:342][740]LogSavePackage: Moving '../../../../../../Users/3DJoe/Documents/Unreal Projects/SpawnAndSprite/Saved/gold_coin_round_star_6F181B71D4FA33E2ED7455991EBE2D74A.tmp' to '../../../../../../Users/3DJoe/Documents/Unreal Projects/SpawnAndSprite/Content/2DSideScroller/Sprites/Coins/gold_coin_round_star_6.uasset'
[2016.01.08-00.06.32:348][740]LogSavePackage: Total save time: 11.882663ms
[2016.01.08-00.06.32:348][740]LogSavePackage:Display: Finished SavePackage ../../../../../../Users/3DJoe/Documents/Unreal Projects/SpawnAndSprite/Content/2DSideScroller/Sprites/Coins/gold_coin_round_star_6.uasset
[2016.01.08-00.06.32:384][740]LogSavePackage: Save=13.268852ms
[2016.01.08-00.06.32:384][740]LogSavePackage: Moving '../../../../../../Users/3DJoe/Documents/Unreal Projects/SpawnAndSprite/Saved/gold_coin_round_star_6_SpriteBC51441A4BFC3F1FD35FD08CE7A153F5.tmp' to '../../../../../../Users/3DJoe/Documents/Unreal Projects/SpawnAndSprite/Content/2DSideScroller/Sprites/Coins/gold_coin_round_star_6_Sprite.uasset'
[2016.01.08-00.06.32:388][740]LogSavePackage: Total save time: 18.026289ms
[2016.01.08-00.06.32:388][740]LogSavePackage:Display: Finished SavePackage ../../../../../../Users/3DJoe/Documents/Unreal Projects/SpawnAndSprite/Content/2DSideScroller/Sprites/Coins/gold_coin_round_star_6_Sprite.uasset
[2016.01.08-00.06.32:401][740]LogSavePackage: Save=4.471400ms
[2016.01.08-00.06.32:401][740]LogSavePackage: Moving '../../../../../../Users/3DJoe/Documents/Unreal Projects/SpawnAndSprite/Saved/gold_coin_round_star3BF031D44DF51A306C38419570E9CA75.tmp' to '../../../../../../Users/3DJoe/Documents/Unreal Projects/SpawnAndSprite/Content/Blueprints/gold_coin_round_star.uasset'
[2016.01.08-00.06.32:404][740]LogSavePackage: Total save time: 7.020950ms
[2016.01.08-00.06.32:404][740]LogSavePackage:Display: Finished SavePackage ../../../../../../Users/3DJoe/Documents/Unreal Projects/SpawnAndSprite/Content/Blueprints/gold_coin_round_star.uasset
[2016.01.08-00.06.32:744][740]LogActorComponent: UnregisterComponent: (/Engine/Transient.EditorFloorComp) Not registered. Aborting.
[2016.01.08-00.06.32:868][740]LogWindowsTextInputMethodSystem:Display: IME system now deactivated.
[2016.01.08-00.06.33:196][741]Cmd: QUIT_EDITOR
[2016.01.08-00.06.33:885][741]LogExit: Preparing to exit.
[2016.01.08-00.06.35:175][741]LogExit: Editor shut down
[2016.01.08-00.06.35:176][741]LogExit: Transaction tracking system shut down
[2016.01.08-00.06.35:185][741]LogParticles: Destroying 0 GPU particle simulations for FXSystem 0x000001D9A8092CA0
[2016.01.08-00.06.35:189][741]LogParticles: Destroying 0 GPU particle simulations for FXSystem 0x000001D9AA82B880
[2016.01.08-00.06.35:190][741]LogParticles: Destroying 0 GPU particle simulations for FXSystem 0x000001D9D63DBF60
[2016.01.08-00.06.35:190][741]LogParticles: Destroying 0 GPU particle simulations for FXSystem 0x000001D9D63D9620
[2016.01.08-00.06.35:195][741]LogParticles: Destroying 0 GPU particle simulations for FXSystem 0x000001D9C5AACFE0
[2016.01.08-00.06.35:203][741]LogParticles: Destroying 0 GPU particle simulations for FXSystem 0x000001D9E40E4860
[2016.01.08-00.06.35:203][741]LogParticles: Destroying 0 GPU particle simulations for FXSystem 0x000001D9914B4220
[2016.01.08-00.06.35:554][741]LogExit: Object subsystem successfully closed.
[2016.01.08-00.06.35:587][741]LogD3D11RHI: Shutdown
[2016.01.08-00.06.35:587][741]LogD3D11RHI: CleanupD3DDevice
[2016.01.08-00.06.35:720][741]LogD3D11RHI: ~FD3D11DynamicRHI
[2016.01.08-00.06.35:743][741]LogModuleManager: Shutting down and abandoning module CookingStats (200)
[2016.01.08-00.06.35:743][741]LogModuleManager: Shutting down and abandoning module BlueprintGraph (199)
[2016.01.08-00.06.35:743][741]LogModuleManager: Shutting down and abandoning module CrashTracker (198)
[2016.01.08-00.06.35:743][741]LogModuleManager: Shutting down and abandoning module SceneOutliner (197)
[2016.01.08-00.06.35:743][741]LogModuleManager: Shutting down and abandoning module SuperSearch (196)
[2016.01.08-00.06.35:743][741]LogModuleManager: Shutting down and abandoning module WidgetCarousel (195)
[2016.01.08-00.06.35:743][741]LogModuleManager: Shutting down and abandoning module AddContentDialog (194)
[2016.01.08-00.06.35:750][741]LogModuleManager: Shutting down and abandoning module EditorWidgets (193)
[2016.01.08-00.06.35:750][741]LogModuleManager: Shutting down and abandoning module CollectionManager (192)
[2016.01.08-00.06.35:751][741]LogModuleManager: Shutting down and abandoning module StatsViewer (191)
[2016.01.08-00.06.35:751][741]LogModuleManager: Shutting down and abandoning module FoliageEdit (190)
[2016.01.08-00.06.35:751][741]LogModuleManager: Shutting down and abandoning module LandscapeEditor (189)
[2016.01.08-00.06.35:752][741]LogModuleManager: Shutting down and abandoning module ActorPickerMode (188)
[2016.01.08-00.06.35:752][741]LogModuleManager: Shutting down and abandoning module GeometryMode (187)
[2016.01.08-00.06.35:752][741]LogModuleManager: Shutting down and abandoning module TextureAlignMode (186)
[2016.01.08-00.06.35:752][741]LogModuleManager: Shutting down and abandoning module BspMode (185)
[2016.01.08-00.06.35:752][741]LogModuleManager: Shutting down and abandoning module PlacementMode (184)
[2016.01.08-00.06.35:752][741]LogModuleManager: Shutting down and abandoning module AutomationWorker (183)
[2016.01.08-00.06.35:752][741]LogModuleManager: Shutting down and abandoning module CharacterAI (182)
[2016.01.08-00.06.35:752][741]LogModuleManager: Shutting down and abandoning module SmartSnapping (181)
[2016.01.08-00.06.35:752][741]LogModuleManager: Shutting down and abandoning module ViewportSnapping (180)
[2016.01.08-00.06.35:752][741]LogModuleManager: Shutting down and abandoning module LogVisualizer (179)
[2016.01.08-00.06.35:752][741]LogModuleManager: Shutting down and abandoning module GameProjectGeneration (178)
[2016.01.08-00.06.35:752][741]LogModuleManager: Shutting down and abandoning module IntroTutorials (177)
[2016.01.08-00.06.35:752][741]LogModuleManager: Shutting down and abandoning module EditorLiveStreaming (176)
[2016.01.08-00.06.35:752][741]LogModuleManager: Shutting down and abandoning module IOSPlatformEditor (175)
[2016.01.08-00.06.35:752][741]LogModuleManager: Shutting down and abandoning module HTML5PlatformEditor (174)
[2016.01.08-00.06.35:752][741]LogModuleManager: Shutting down and abandoning module AndroidDeviceDetection (173)
[2016.01.08-00.06.35:992][741]LogModuleManager: Shutting down and abandoning module AndroidPlatformEditor (172)
[2016.01.08-00.06.35:992][741]LogModuleManager: Shutting down and abandoning module IOSRuntimeSettings (171)
[2016.01.08-00.06.35:992][741]LogModuleManager: Shutting down and abandoning module AndroidRuntimeSettings (170)
[2016.01.08-00.06.35:992][741]LogModuleManager: Shutting down and abandoning module MergeActors (169)
[2016.01.08-00.06.35:992][741]LogModuleManager: Shutting down and abandoning module SizeMap (168)
[2016.01.08-00.06.35:992][741]LogModuleManager: Shutting down and abandoning module TreeMap (167)
[2016.01.08-00.06.35:992][741]LogModuleManager: Shutting down and abandoning module ReferenceViewer (166)
[2016.01.08-00.06.35:992][741]LogModuleManager: Shutting down and abandoning module LocalizationService (165)
[2016.01.08-00.06.35:992][741]LogModuleManager: Shutting down and abandoning module LocalizationDashboard (164)
[2016.01.08-00.06.35:992][741]LogModuleManager: Shutting down and abandoning module HardwareTargeting (163)
[2016.01.08-00.06.35:992][741]LogModuleManager: Shutting down and abandoning module DeviceProfileEditor (162)
[2016.01.08-00.06.35:992][741]LogModuleManager: Shutting down and abandoning module UndoHistory (161)
[2016.01.08-00.06.35:992][741]LogModuleManager: Shutting down and abandoning module GameplayTagsEditor (160)
[2016.01.08-00.06.35:992][741]LogModuleManager: Shutting down and abandoning module UserFeedback (159)
[2016.01.08-00.06.35:992][741]LogModuleManager: Shutting down and abandoning module XmlParser (158)
[2016.01.08-00.06.35:992][741]LogModuleManager: Shutting down and abandoning module Blutility (157)
[2016.01.08-00.06.35:992][741]LogModuleManager: Shutting down and abandoning module ProjectTargetPlatformEditor (156)
[2016.01.08-00.06.35:993][741]LogModuleManager: Shutting down and abandoning module ProjectSettingsViewer (155)
[2016.01.08-00.06.35:993][741]LogModuleManager: Shutting down and abandoning module InputBindingEditor (154)
[2016.01.08-00.06.35:993][741]LogModuleManager: Shutting down and abandoning module EditorSettingsViewer (153)
[2016.01.08-00.06.35:993][741]LogModuleManager: Shutting down and abandoning module SettingsEditor (152)
[2016.01.08-00.06.35:993][741]LogModuleManager: Shutting down and abandoning module ProjectLauncher (151)
[2016.01.08-00.06.35:993][741]LogModuleManager: Shutting down and abandoning module SessionFrontend (150)
[2016.01.08-00.06.35:993][741]LogModuleManager: Shutting down and abandoning module ProfilerClient (149)
[2016.01.08-00.06.35:993][741]LogModuleManager: Shutting down and abandoning module TargetDeviceServices (148)
[2016.01.08-00.06.35:993][741]LogModuleManager: Shutting down and abandoning module DeviceManager (147)
[2016.01.08-00.06.35:993][741]LogModuleManager: Shutting down and abandoning module AutomationController (146)
[2016.01.08-00.06.35:993][741]LogModuleManager: Shutting down and abandoning module AutomationWindow (145)
[2016.01.08-00.06.35:993][741]LogModuleManager: Shutting down and abandoning module Layers (144)
[2016.01.08-00.06.35:993][741]LogModuleManager: Shutting down and abandoning module ComponentVisualizers (143)
[2016.01.08-00.06.35:993][741]LogModuleManager: Shutting down and abandoning module DetailCustomizations (142)
[2016.01.08-00.06.35:993][741]LogModuleManager: Shutting down and abandoning module PackagesDialog (141)
[2016.01.08-00.06.35:993][741]LogModuleManager: Shutting down and abandoning module Persona (140)
[2016.01.08-00.06.35:994][741]LogModuleManager: Shutting down and abandoning module Kismet (139)
[2016.01.08-00.06.35:994][741]LogModuleManager: Shutting down and abandoning module GraphEditor (138)
[2016.01.08-00.06.35:994][741]LogModuleManager: Shutting down and abandoning module ClassViewer (137)
[2016.01.08-00.06.35:997][741]LogModuleManager: Shutting down and abandoning module Toolbox (136)
[2016.01.08-00.06.35:997][741]LogModuleManager: Shutting down and abandoning module ModuleUI (135)
[2016.01.08-00.06.35:997][741]LogModuleManager: Shutting down and abandoning module MovieSceneTools (134)
[2016.01.08-00.06.35:997][741]LogModuleManager: Shutting down and abandoning module OutputLog (133)
[2016.01.08-00.06.35:998][741]LogModuleManager: Shutting down and abandoning module GammaUI (132)
[2016.01.08-00.06.35:998][741]LogModuleManager: Shutting down and abandoning module Documentation (131)
[2016.01.08-00.06.35:999][741]LogModuleManager: Shutting down and abandoning module GameLiveStreaming (130)
[2016.01.08-00.06.35:999][741]LogModuleManager: Shutting down and abandoning module StreamingPauseRendering (129)
[2016.01.08-00.06.35:999][741]LogModuleManager: Shutting down and abandoning module AnalyticsET (128)
[2016.01.08-00.06.35:999][741]LogModuleManager: Shutting down and abandoning module Analytics (127)
[2016.01.08-00.06.35:999][741]LogModuleManager: Shutting down and abandoning module AITestSuite (126)
[2016.01.08-00.06.35:999][741]LogModuleManager: Shutting down and abandoning module GameplayDebugger (125)
[2016.01.08-00.06.35:999][741]LogModuleManager: Shutting down and abandoning module AIModule (124)
[2016.01.08-00.06.35:999][741]LogModuleManager: Shutting down and abandoning module ProfilerService (123)
[2016.01.08-00.06.36:084][741]LogModuleManager: Shutting down and abandoning module TaskGraph (122)
[2016.01.08-00.06.36:084][741]LogModuleManager: Shutting down and abandoning module SlateRemote (121)
[2016.01.08-00.06.36:084][741]LogModuleManager: Shutting down and abandoning module SteamVRController (120)
[2016.01.08-00.06.36:084][741]LogModuleManager: Shutting down and abandoning module SteamVR (119)
[2016.01.08-00.06.36:084][741]LogModuleManager: Shutting down and abandoning module ProceduralMeshComponent (118)
[2016.01.08-00.06.36:084][741]LogModuleManager: Shutting down and abandoning module OculusLibrary (117)
[2016.01.08-00.06.36:084][741]LogModuleManager: Shutting down and abandoning module OculusInput (116)
[2016.01.08-00.06.36:084][741]LogModuleManager: Shutting down and abandoning module LeapMotionController (115)
[2016.01.08-00.06.36:110][741]LogModuleManager: Shutting down and abandoning module CustomMeshComponent (114)
[2016.01.08-00.06.36:110][741]LogModuleManager: Shutting down and abandoning module CableComponent (113)
[2016.01.08-00.06.36:110][741]LogModuleManager: Shutting down and abandoning module ArchVisCharacter (112)
[2016.01.08-00.06.36:110][741]LogModuleManager: Shutting down and abandoning module MessagingDebugger (111)
[2016.01.08-00.06.36:110][741]LogModuleManager: Shutting down and abandoning module MediaPlayerEditor (110)
[2016.01.08-00.06.36:110][741]LogModuleManager: Shutting down and abandoning module HTML5Networking (109)
[2016.01.08-00.06.36:110][741]LogModuleManager: Shutting down and abandoning module SpeedTreeImporter (108)
[2016.01.08-00.06.36:110][741]LogModuleManager: Shutting down and abandoning module PluginBrowser (107)
[2016.01.08-00.06.36:110][741]LogModuleManager: Shutting down and abandoning module EpicSurvey (106)
[2016.01.08-00.06.36:110][741]LogModuleManager: Shutting down and abandoning module DesktopPlatform (105)
[2016.01.08-00.06.36:110][741]LogModuleManager: Shutting down and abandoning module VisualStudioSourceCodeAccess (104)
[2016.01.08-00.06.36:110][741]LogModuleManager: Shutting down and abandoning module UObjectPlugin (103)
[2016.01.08-00.06.36:110][741]LogModuleManager: Shutting down and abandoning module SubversionSourceControl (102)
[2016.01.08-00.06.36:111][741]LogModuleManager: Shutting down and abandoning module PerforceSourceControl (101)
[2016.01.08-00.06.36:111][741]LogModuleManager: Shutting down and abandoning module SourceControl (100)
[2016.01.08-00.06.36:111][741]LogModuleManager: Shutting down and abandoning module GitSourceControl (99)
[2016.01.08-00.06.36:111][741]LogModuleManager: Shutting down and abandoning module LightPropagationVolumeEditor (98)
[2016.01.08-00.06.36:111][741]LogModuleManager: Shutting down and abandoning module PaperTiledImporter (97)
[2016.01.08-00.06.36:111][741]LogModuleManager: Shutting down and abandoning module PaperSpriteSheetImporter (96)
[2016.01.08-00.06.36:111][741]LogModuleManager: Shutting down and abandoning module MeshPaint (95)
[2016.01.08-00.06.36:111][741]LogModuleManager: Shutting down and abandoning module SlateReflector (94)
[2016.01.08-00.06.36:111][741]LogModuleManager: Shutting down and abandoning module HotReload (93)
[2016.01.08-00.06.36:111][741]LogModuleManager: Shutting down and abandoning module MainFrame (92)
[2016.01.08-00.06.36:111][741]LogModuleManager: Shutting down and abandoning module LevelEditor (91)
[2016.01.08-00.06.36:114][741]LogModuleManager: Shutting down and abandoning module DirectoryWatcher (90)
[2016.01.08-00.06.36:117][741]LogModuleManager: Shutting down and abandoning module AssetRegistry (89)
[2016.01.08-00.06.36:247][741]LogModuleManager: Shutting down and abandoning module ContentBrowser (88)
[2016.01.08-00.06.36:250][741]LogModuleManager: Shutting down and abandoning module Paper2DEditor (87)
[2016.01.08-00.06.36:250][741]LogModuleManager: Shutting down and abandoning module UdpMessaging (86)
[2016.01.08-00.06.36:351][741]LogModuleManager: Shutting down and abandoning module LightPropagationVolumeRuntime (85)
[2016.01.08-00.06.36:351][741]LogModuleManager: Shutting down and abandoning module Paper2D (84)
[2016.01.08-00.06.36:351][741]LogModuleManager: Shutting down and abandoning module WindowsMoviePlayer (83)
[2016.01.08-00.06.36:360][741]LogModuleManager: Shutting down and abandoning module Media (82)
[2016.01.08-00.06.36:360][741]LogModuleManager: Shutting down and abandoning module WmfMedia (81)
[2016.01.08-00.06.36:360][741]LogModuleManager: Shutting down and abandoning module OnlineBlueprintSupport (80)
[2016.01.08-00.06.36:360][741]LogModuleManager: Shutting down and abandoning module GameplayTasksEditor (79)
[2016.01.08-00.06.36:360][741]LogModuleManager: Shutting down and abandoning module PropertyEditor (78)
[2016.01.08-00.06.36:361][741]LogModuleManager: Shutting down and abandoning module BehaviorTreeEditor (77)
[2016.01.08-00.06.36:361][741]LogModuleManager: Shutting down and abandoning module FunctionalTesting (76)
[2016.01.08-00.06.36:361][741]LogModuleManager: Shutting down and abandoning module CollisionAnalyzer (75)
[2016.01.08-00.06.36:361][741]LogModuleManager: Shutting down and abandoning module WorkspaceMenuStructure (74)
[2016.01.08-00.06.36:361][741]LogModuleManager: Shutting down and abandoning module MessageLog (73)
[2016.01.08-00.06.36:361][741]LogModuleManager: Shutting down and abandoning module Sequencer (72)
[2016.01.08-00.06.36:361][741]LogModuleManager: Shutting down and abandoning module AssetTools (71)
[2016.01.08-00.06.36:361][741]LogModuleManager: Shutting down and abandoning module UMGEditor (70)
[2016.01.08-00.06.36:362][741]LogModuleManager: Shutting down and abandoning module UMG (69)
[2016.01.08-00.06.36:362][741]LogModuleManager: Shutting down and abandoning module Slate (68)
[2016.01.08-00.06.36:362][741]LogModuleManager: Shutting down and abandoning module EditorStyle (67)
[2016.01.08-00.06.36:371][741]LogModuleManager: Shutting down and abandoning module SessionServices (66)
[2016.01.08-00.06.36:371][741]LogModuleManager: Shutting down and abandoning module SourceCodeAccess (65)
[2016.01.08-00.06.36:371][741]LogModuleManager: Shutting down and abandoning module HeadMountedDisplay (64)
[2016.01.08-00.06.36:371][741]LogModuleManager: Shutting down and abandoning module XAudio2 (63)
[2016.01.08-00.06.36:372][741]LogModuleManager: Shutting down and abandoning module Networking (61)
[2016.01.08-00.06.36:372][741]LogModuleManager: Shutting down and abandoning module Core (60)
[2016.01.08-00.06.36:372][741]LogModuleManager: Shutting down and abandoning module KismetCompiler (59)
[2016.01.08-00.06.36:372][741]LogModuleManager: Shutting down and abandoning module PhysXFormats (58)
[2016.01.08-00.06.36:372][741]LogModuleManager: Shutting down and abandoning module MeshUtilities (57)
[2016.01.08-00.06.36:372][741]LogModuleManager: Shutting down and abandoning module DerivedDataCache (56)
[2016.01.08-00.06.36:449][741]LogDerivedDataCache: Shutdown
[2016.01.08-00.06.36:449][741]LogModuleManager: Shutting down and abandoning module ShaderFormatOpenGL (55)
[2016.01.08-00.06.36:449][741]LogModuleManager: Shutting down and abandoning module ShaderFormatD3D (54)
[2016.01.08-00.06.36:449][741]LogModuleManager: Shutting down and abandoning module MetalShaderFormat (53)
[2016.01.08-00.06.36:449][741]LogModuleManager: Shutting down and abandoning module TextureFormatUncompressed (52)
[2016.01.08-00.06.36:449][741]LogModuleManager: Shutting down and abandoning module TextureFormatPVR (51)
[2016.01.08-00.06.36:449][741]LogModuleManager: Shutting down and abandoning module TextureFormatIntelISPCTexComp (50)
[2016.01.08-00.06.36:449][741]LogModuleManager: Shutting down and abandoning module TextureFormatDXT (49)
[2016.01.08-00.06.36:450][741]LogModuleManager: Shutting down and abandoning module ImageWrapper (48)
[2016.01.08-00.06.36:450][741]LogModuleManager: Shutting down and abandoning module TextureFormatASTC (47)
[2016.01.08-00.06.36:450][741]LogModuleManager: Shutting down and abandoning module TextureFormatAndroid (46)
[2016.01.08-00.06.36:450][741]LogModuleManager: Shutting down and abandoning module AudioFormatOpus (45)
[2016.01.08-00.06.36:450][741]LogModuleManager: Shutting down and abandoning module AudioFormatOgg (44)
[2016.01.08-00.06.36:450][741]LogModuleManager: Shutting down and abandoning module AudioFormatADPCM (43)
[2016.01.08-00.06.36:450][741]LogModuleManager: Shutting down and abandoning module LinuxTargetPlatform (42)
[2016.01.08-00.06.36:450][741]LogModuleManager: Shutting down and abandoning module LinuxServerTargetPlatform (41)
[2016.01.08-00.06.36:450][741]LogModuleManager: Shutting down and abandoning module LinuxNoEditorTargetPlatform (40)
[2016.01.08-00.06.36:450][741]LogModuleManager: Shutting down and abandoning module Messaging (39)
[2016.01.08-00.06.36:450][741]LogModuleManager: Shutting down and abandoning module IOSTargetPlatform (38)
[2016.01.08-00.06.36:450][741]LogModuleManager: Shutting down and abandoning module HTML5TargetPlatform (37)
[2016.01.08-00.06.36:450][741]LogModuleManager: Shutting down and abandoning module Android_PVRTCTargetPlatform (36)
[2016.01.08-00.06.36:450][741]LogModuleManager: Shutting down and abandoning module Android_MultiTargetPlatform (35)
[2016.01.08-00.06.36:450][741]LogModuleManager: Shutting down and abandoning module Android_ETC2TargetPlatform (34)
[2016.01.08-00.06.36:450][741]LogModuleManager: Shutting down and abandoning module Android_ETC1TargetPlatform (33)
[2016.01.08-00.06.36:450][741]LogModuleManager: Shutting down and abandoning module Android_DXTTargetPlatform (32)
[2016.01.08-00.06.36:450][741]LogModuleManager: Shutting down and abandoning module Android_ATCTargetPlatform (31)
[2016.01.08-00.06.36:451][741]LogModuleManager: Shutting down and abandoning module Android_ASTCTargetPlatform (30)
[2016.01.08-00.06.36:451][741]LogModuleManager: Shutting down and abandoning module AndroidTargetPlatform (29)
[2016.01.08-00.06.36:451][741]LogModuleManager: Shutting down and abandoning module WindowsTargetPlatform (28)
[2016.01.08-00.06.36:451][741]LogModuleManager: Shutting down and abandoning module WindowsServerTargetPlatform (27)
[2016.01.08-00.06.36:451][741]LogModuleManager: Shutting down and abandoning module WindowsNoEditorTargetPlatform (26)
[2016.01.08-00.06.36:451][741]LogModuleManager: Shutting down and abandoning module WindowsClientTargetPlatform (25)
[2016.01.08-00.06.36:451][741]LogModuleManager: Shutting down and abandoning module AllDesktopTargetPlatform (24)
[2016.01.08-00.06.36:451][741]LogModuleManager: Shutting down and abandoning module TargetPlatform (23)
[2016.01.08-00.06.36:451][741]LogModuleManager: Shutting down and abandoning module InputCore (22)
[2016.01.08-00.06.36:451][741]LogModuleManager: Shutting down and abandoning module Settings (21)
[2016.01.08-00.06.36:451][741]LogModuleManager: Shutting down and abandoning module OnlineSubsystem (19)
[2016.01.08-00.06.36:451][741]LogModuleManager: Shutting down and abandoning module HTTP (18)
[2016.01.08-00.06.38:475][741]LogModuleManager: Shutting down and abandoning module XMPP (17)
[2016.01.08-00.06.38:475][741]LogModuleManager: Shutting down and abandoning module OculusRift (16)
[2016.01.08-00.06.38:475][741]LogModuleManager: Shutting down and abandoning module ExampleDeviceProfileSelector (15)
[2016.01.08-00.06.38:475][741]LogModuleManager: Shutting down and abandoning module TextureCompressor (14)
[2016.01.08-00.06.38:475][741]LogModuleManager: Shutting down and abandoning module ShaderCore (13)
[2016.01.08-00.06.38:475][741]LogModuleManager: Shutting down and abandoning module Landscape (12)
[2016.01.08-00.06.38:475][741]LogModuleManager: Shutting down and abandoning module SlateRHIRenderer (11)
[2016.01.08-00.06.38:580][741]LogModuleManager: Shutting down and abandoning module OpenGLDrv (10)
[2016.01.08-00.06.38:580][741]LogModuleManager: Shutting down and abandoning module D3D11RHI (9)
[2016.01.08-00.06.38:580][741]LogModuleManager: Shutting down and abandoning module AnimGraphRuntime (8)
[2016.01.08-00.06.38:580][741]LogModuleManager: Shutting down and abandoning module Renderer (7)
[2016.01.08-00.06.38:580][741]LogModuleManager: Shutting down and abandoning module Engine (6)
[2016.01.08-00.06.38:581][741]LogModuleManager: Shutting down and abandoning module CoreUObject (5)
[2016.01.08-00.06.38:581][741]LogModuleManager: Shutting down and abandoning module NetworkFile (4)
[2016.01.08-00.06.38:581][741]LogModuleManager: Shutting down and abandoning module StreamingFile (3)
[2016.01.08-00.06.38:581][741]LogModuleManager: Shutting down and abandoning module SandboxFile (2)
[2016.01.08-00.06.38:581][741]LogModuleManager: Shutting down and abandoning module PakFile (1)
[2016.01.08-00.06.38:588][741]LogExit: Exiting.
[2016.01.08-00.06.38:644][741]Log file closed, 01/07/16 16:06:38
